The target system is: Linux -  - aarch64
The host system is: Linux - 6.8.0-87-generic - x86_64
Compiling the C compiler identification source file "CMakeCCompilerId.c" succeeded.
Compiler: /home/kacent/cppWorkSpace/GSDK/Tool/bin/aarch64-buildroot-linux-gnu-gcc 
Build flags: -march=armv8-a
Id flags:  

The output was:
0


Compilation of the C compiler identification source "CMakeCCompilerId.c" produced "a.out"

The C compiler identification is GNU, found in "/home/kacent/cppWorkSpace/GSDK/build/CMakeFiles/3.22.1/CompilerIdC/a.out"

Compiling the CXX compiler identification source file "CMakeCXXCompilerId.cpp" succeeded.
Compiler: /home/kacent/cppWorkSpace/GSDK/Tool/bin/aarch64-buildroot-linux-gnu-g++ 
Build flags: -march=armv8-a
Id flags:  

The output was:
0


Compilation of the CXX compiler identification source "CMakeCXXCompilerId.cpp" produced "a.out"

The CXX compiler identification is GNU, found in "/home/kacent/cppWorkSpace/GSDK/build/CMakeFiles/3.22.1/CompilerIdCXX/a.out"

Detecting C compiler ABI info compiled with the following output:
Change Dir: /home/kacent/cppWorkSpace/GSDK/build/CMakeFiles/CMakeTmp

Run Build Command(s):/usr/bin/gmake -f Makefile cmTC_aff7d/fast && /usr/bin/gmake  -f CMakeFiles/cmTC_aff7d.dir/build.make CMakeFiles/cmTC_aff7d.dir/build
gmake[1]: Entering directory '/home/kacent/cppWorkSpace/GSDK/build/CMakeFiles/CMakeTmp'
Building C object CMakeFiles/cmTC_aff7d.dir/CMakeCCompilerABI.c.o
/home/kacent/cppWorkSpace/GSDK/Tool/bin/aarch64-buildroot-linux-gnu-gcc --sysroot=/home/kacent/cppWorkSpace/GSDK/Tool/aarch64-buildroot-linux-gnu/sysroot   -march=armv8-a    -v -o CMakeFiles/cmTC_aff7d.dir/CMakeCCompilerABI.c.o -c /usr/share/cmake-3.22/Modules/CMakeCCompilerABI.c
Using built-in specs.
COLLECT_GCC=/home/kacent/cppWorkSpace/GSDK/Tool/bin/aarch64-buildroot-linux-gnu-gcc.br_real
Target: aarch64-buildroot-linux-gnu
Configured with: ./configure --prefix=/opt/aarch64--glibc--bleeding-edge-2020.02-2 --sysconfdir=/opt/aarch64--glibc--bleeding-edge-2020.02-2/etc --enable-static --target=aarch64-buildroot-linux-gnu --with-sysroot=/opt/aarch64--glibc--bleeding-edge-2020.02-2/aarch64-buildroot-linux-gnu/sysroot --enable-__cxa_atexit --with-gnu-ld --disable-libssp --disable-multilib --disable-decimal-float --with-gmp=/opt/aarch64--glibc--bleeding-edge-2020.02-2 --with-mpc=/opt/aarch64--glibc--bleeding-edge-2020.02-2 --with-mpfr=/opt/aarch64--glibc--bleeding-edge-2020.02-2 --with-pkgversion='Buildroot 2020.02-00011-g7ea8a52' --with-bugurl=http://bugs.buildroot.net/ --disable-libquadmath --enable-tls --enable-threads --without-isl --without-cloog --with-abi=lp64 --with-cpu=cortex-a53 --enable-languages=c,c++ --with-build-time-tools=/opt/aarch64--glibc--bleeding-edge-2020.02-2/aarch64-buildroot-linux-gnu/bin --enable-shared --disable-libgomp
Thread model: posix
gcc version 9.3.0 (Buildroot 2020.02-00011-g7ea8a52) 
COLLECT_GCC_OPTIONS='-march=armv8-a' '-v' '-o' 'CMakeFiles/cmTC_aff7d.dir/CMakeCCompilerABI.c.o' '-c' '-mlittle-endian' '-mabi=lp64'
 /home/kacent/cppWorkSpace/GSDK/Tool/bin/../libexec/gcc/aarch64-buildroot-linux-gnu/9.3.0/cc1 -quiet -v -iprefix /home/kacent/cppWorkSpace/GSDK/Tool/bin/../lib/gcc/aarch64-buildroot-linux-gnu/9.3.0/ -isysroot /home/kacent/cppWorkSpace/GSDK/Tool/aarch64-buildroot-linux-gnu/sysroot /usr/share/cmake-3.22/Modules/CMakeCCompilerABI.c -quiet -dumpbase CMakeCCompilerABI.c -march=armv8-a -mlittle-endian -mabi=lp64 -auxbase-strip CMakeFiles/cmTC_aff7d.dir/CMakeCCompilerABI.c.o -version -o /tmp/ccHuTyAn.s
GNU C17 (Buildroot 2020.02-00011-g7ea8a52) version 9.3.0 (aarch64-buildroot-linux-gnu)
	compiled by GNU C version 4.9.2, GMP version 6.1.2, MPFR version 4.0.2, MPC version 1.1.0, isl version none
GGC heuristics: --param ggc-min-expand=100 --param ggc-min-heapsize=131072
ignoring duplicate directory "/home/kacent/cppWorkSpace/GSDK/Tool/bin/../lib/gcc/../../lib/gcc/aarch64-buildroot-linux-gnu/9.3.0/include"
ignoring nonexistent directory "/home/kacent/cppWorkSpace/GSDK/Tool/aarch64-buildroot-linux-gnu/sysroot/usr/local/include"
ignoring duplicate directory "/home/kacent/cppWorkSpace/GSDK/Tool/bin/../lib/gcc/../../lib/gcc/aarch64-buildroot-linux-gnu/9.3.0/include-fixed"
ignoring duplicate directory "/home/kacent/cppWorkSpace/GSDK/Tool/bin/../lib/gcc/../../lib/gcc/aarch64-buildroot-linux-gnu/9.3.0/../../../../aarch64-buildroot-linux-gnu/include"
#include "..." search starts here:
#include <...> search starts here:
 /home/kacent/cppWorkSpace/GSDK/Tool/bin/../lib/gcc/aarch64-buildroot-linux-gnu/9.3.0/include
 /home/kacent/cppWorkSpace/GSDK/Tool/bin/../lib/gcc/aarch64-buildroot-linux-gnu/9.3.0/include-fixed
 /home/kacent/cppWorkSpace/GSDK/Tool/bin/../lib/gcc/aarch64-buildroot-linux-gnu/9.3.0/../../../../aarch64-buildroot-linux-gnu/include
 /home/kacent/cppWorkSpace/GSDK/Tool/aarch64-buildroot-linux-gnu/sysroot/usr/include
End of search list.
GNU C17 (Buildroot 2020.02-00011-g7ea8a52) version 9.3.0 (aarch64-buildroot-linux-gnu)
	compiled by GNU C version 4.9.2, GMP version 6.1.2, MPFR version 4.0.2, MPC version 1.1.0, isl version none
GGC heuristics: --param ggc-min-expand=100 --param ggc-min-heapsize=131072
Compiler executable checksum: 692e83bdb8d5f2b078ef40722066b2d3
COLLECT_GCC_OPTIONS='-march=armv8-a' '-v' '-o' 'CMakeFiles/cmTC_aff7d.dir/CMakeCCompilerABI.c.o' '-c' '-mlittle-endian' '-mabi=lp64'
 /home/kacent/cppWorkSpace/GSDK/Tool/bin/../lib/gcc/aarch64-buildroot-linux-gnu/9.3.0/../../../../aarch64-buildroot-linux-gnu/bin/as -v -EL -march=armv8-a -mabi=lp64 -o CMakeFiles/cmTC_aff7d.dir/CMakeCCompilerABI.c.o /tmp/ccHuTyAn.s
GNU assembler version 2.33.1 (aarch64-buildroot-linux-gnu) using BFD version (GNU Binutils) 2.33.1
COMPILER_PATH=/home/kacent/cppWorkSpace/GSDK/Tool/bin/../libexec/gcc/aarch64-buildroot-linux-gnu/9.3.0/:/home/kacent/cppWorkSpace/GSDK/Tool/bin/../libexec/gcc/:/home/kacent/cppWorkSpace/GSDK/Tool/bin/../lib/gcc/aarch64-buildroot-linux-gnu/9.3.0/../../../../aarch64-buildroot-linux-gnu/bin/
LIBRARY_PATH=/home/kacent/cppWorkSpace/GSDK/Tool/bin/../lib/gcc/aarch64-buildroot-linux-gnu/9.3.0/:/home/kacent/cppWorkSpace/GSDK/Tool/bin/../lib/gcc/:/home/kacent/cppWorkSpace/GSDK/Tool/bin/../lib/gcc/aarch64-buildroot-linux-gnu/9.3.0/../../../../aarch64-buildroot-linux-gnu/lib/../lib64/:/home/kacent/cppWorkSpace/GSDK/Tool/aarch64-buildroot-linux-gnu/sysroot/lib/../lib64/:/home/kacent/cppWorkSpace/GSDK/Tool/aarch64-buildroot-linux-gnu/sysroot/usr/lib/../lib64/:/home/kacent/cppWorkSpace/GSDK/Tool/bin/../lib/gcc/aarch64-buildroot-linux-gnu/9.3.0/../../../../aarch64-buildroot-linux-gnu/lib/:/home/kacent/cppWorkSpace/GSDK/Tool/aarch64-buildroot-linux-gnu/sysroot/lib/:/home/kacent/cppWorkSpace/GSDK/Tool/aarch64-buildroot-linux-gnu/sysroot/usr/lib/
COLLECT_GCC_OPTIONS='-march=armv8-a' '-v' '-o' 'CMakeFiles/cmTC_aff7d.dir/CMakeCCompilerABI.c.o' '-c' '-mlittle-endian' '-mabi=lp64'
Linking C executable cmTC_aff7d
/usr/bin/cmake -E cmake_link_script CMakeFiles/cmTC_aff7d.dir/link.txt --verbose=1
/home/kacent/cppWorkSpace/GSDK/Tool/bin/aarch64-buildroot-linux-gnu-gcc --sysroot=/home/kacent/cppWorkSpace/GSDK/Tool/aarch64-buildroot-linux-gnu/sysroot -march=armv8-a   -v CMakeFiles/cmTC_aff7d.dir/CMakeCCompilerABI.c.o -o cmTC_aff7d 
Using built-in specs.
COLLECT_GCC=/home/kacent/cppWorkSpace/GSDK/Tool/bin/aarch64-buildroot-linux-gnu-gcc.br_real
COLLECT_LTO_WRAPPER=/home/kacent/cppWorkSpace/GSDK/Tool/bin/../libexec/gcc/aarch64-buildroot-linux-gnu/9.3.0/lto-wrapper
Target: aarch64-buildroot-linux-gnu
Configured with: ./configure --prefix=/opt/aarch64--glibc--bleeding-edge-2020.02-2 --sysconfdir=/opt/aarch64--glibc--bleeding-edge-2020.02-2/etc --enable-static --target=aarch64-buildroot-linux-gnu --with-sysroot=/opt/aarch64--glibc--bleeding-edge-2020.02-2/aarch64-buildroot-linux-gnu/sysroot --enable-__cxa_atexit --with-gnu-ld --disable-libssp --disable-multilib --disable-decimal-float --with-gmp=/opt/aarch64--glibc--bleeding-edge-2020.02-2 --with-mpc=/opt/aarch64--glibc--bleeding-edge-2020.02-2 --with-mpfr=/opt/aarch64--glibc--bleeding-edge-2020.02-2 --with-pkgversion='Buildroot 2020.02-00011-g7ea8a52' --with-bugurl=http://bugs.buildroot.net/ --disable-libquadmath --enable-tls --enable-threads --without-isl --without-cloog --with-abi=lp64 --with-cpu=cortex-a53 --enable-languages=c,c++ --with-build-time-tools=/opt/aarch64--glibc--bleeding-edge-2020.02-2/aarch64-buildroot-linux-gnu/bin --enable-shared --disable-libgomp
Thread model: posix
gcc version 9.3.0 (Buildroot 2020.02-00011-g7ea8a52) 
COMPILER_PATH=/home/kacent/cppWorkSpace/GSDK/Tool/bin/../libexec/gcc/aarch64-buildroot-linux-gnu/9.3.0/:/home/kacent/cppWorkSpace/GSDK/Tool/bin/../libexec/gcc/:/home/kacent/cppWorkSpace/GSDK/Tool/bin/../lib/gcc/aarch64-buildroot-linux-gnu/9.3.0/../../../../aarch64-buildroot-linux-gnu/bin/
LIBRARY_PATH=/home/kacent/cppWorkSpace/GSDK/Tool/bin/../lib/gcc/aarch64-buildroot-linux-gnu/9.3.0/:/home/kacent/cppWorkSpace/GSDK/Tool/bin/../lib/gcc/:/home/kacent/cppWorkSpace/GSDK/Tool/bin/../lib/gcc/aarch64-buildroot-linux-gnu/9.3.0/../../../../aarch64-buildroot-linux-gnu/lib/../lib64/:/home/kacent/cppWorkSpace/GSDK/Tool/aarch64-buildroot-linux-gnu/sysroot/lib/../lib64/:/home/kacent/cppWorkSpace/GSDK/Tool/aarch64-buildroot-linux-gnu/sysroot/usr/lib/../lib64/:/home/kacent/cppWorkSpace/GSDK/Tool/bin/../lib/gcc/aarch64-buildroot-linux-gnu/9.3.0/../../../../aarch64-buildroot-linux-gnu/lib/:/home/kacent/cppWorkSpace/GSDK/Tool/aarch64-buildroot-linux-gnu/sysroot/lib/:/home/kacent/cppWorkSpace/GSDK/Tool/aarch64-buildroot-linux-gnu/sysroot/usr/lib/
COLLECT_GCC_OPTIONS='-march=armv8-a' '-v' '-o' 'cmTC_aff7d' '-mlittle-endian' '-mabi=lp64'
 /home/kacent/cppWorkSpace/GSDK/Tool/bin/../libexec/gcc/aarch64-buildroot-linux-gnu/9.3.0/collect2 -plugin /home/kacent/cppWorkSpace/GSDK/Tool/bin/../libexec/gcc/aarch64-buildroot-linux-gnu/9.3.0/liblto_plugin.so -plugin-opt=/home/kacent/cppWorkSpace/GSDK/Tool/bin/../libexec/gcc/aarch64-buildroot-linux-gnu/9.3.0/lto-wrapper -plugin-opt=-fresolution=/tmp/ccYeWncY.res -plugin-opt=-pass-through=-lgcc -plugin-opt=-pass-through=-lgcc_s -plugin-opt=-pass-through=-lc -plugin-opt=-pass-through=-lgcc -plugin-opt=-pass-through=-lgcc_s --sysroot=/home/kacent/cppWorkSpace/GSDK/Tool/aarch64-buildroot-linux-gnu/sysroot --eh-frame-hdr -dynamic-linker /lib/ld-linux-aarch64.so.1 -X -EL -maarch64linux -o cmTC_aff7d /home/kacent/cppWorkSpace/GSDK/Tool/aarch64-buildroot-linux-gnu/sysroot/usr/lib/../lib64/crt1.o /home/kacent/cppWorkSpace/GSDK/Tool/aarch64-buildroot-linux-gnu/sysroot/usr/lib/../lib64/crti.o /home/kacent/cppWorkSpace/GSDK/Tool/bin/../lib/gcc/aarch64-buildroot-linux-gnu/9.3.0/crtbegin.o -L/home/kacent/cppWorkSpace/GSDK/Tool/bin/../lib/gcc/aarch64-buildroot-linux-gnu/9.3.0 -L/home/kacent/cppWorkSpace/GSDK/Tool/bin/../lib/gcc -L/home/kacent/cppWorkSpace/GSDK/Tool/bin/../lib/gcc/aarch64-buildroot-linux-gnu/9.3.0/../../../../aarch64-buildroot-linux-gnu/lib/../lib64 -L/home/kacent/cppWorkSpace/GSDK/Tool/aarch64-buildroot-linux-gnu/sysroot/lib/../lib64 -L/home/kacent/cppWorkSpace/GSDK/Tool/aarch64-buildroot-linux-gnu/sysroot/usr/lib/../lib64 -L/home/kacent/cppWorkSpace/GSDK/Tool/bin/../lib/gcc/aarch64-buildroot-linux-gnu/9.3.0/../../../../aarch64-buildroot-linux-gnu/lib -L/home/kacent/cppWorkSpace/GSDK/Tool/aarch64-buildroot-linux-gnu/sysroot/lib -L/home/kacent/cppWorkSpace/GSDK/Tool/aarch64-buildroot-linux-gnu/sysroot/usr/lib CMakeFiles/cmTC_aff7d.dir/CMakeCCompilerABI.c.o -lgcc --push-state --as-needed -lgcc_s --pop-state -lc -lgcc --push-state --as-needed -lgcc_s --pop-state /home/kacent/cppWorkSpace/GSDK/Tool/bin/../lib/gcc/aarch64-buildroot-linux-gnu/9.3.0/crtend.o /home/kacent/cppWorkSpace/GSDK/Tool/aarch64-buildroot-linux-gnu/sysroot/usr/lib/../lib64/crtn.o
COLLECT_GCC_OPTIONS='-march=armv8-a' '-v' '-o' 'cmTC_aff7d' '-mlittle-endian' '-mabi=lp64'
gmake[1]: Leaving directory '/home/kacent/cppWorkSpace/GSDK/build/CMakeFiles/CMakeTmp'



Parsed C implicit include dir info from above output: rv=done
  found start of include info
  found start of implicit include info
    add: [/home/kacent/cppWorkSpace/GSDK/Tool/bin/../lib/gcc/aarch64-buildroot-linux-gnu/9.3.0/include]
    add: [/home/kacent/cppWorkSpace/GSDK/Tool/bin/../lib/gcc/aarch64-buildroot-linux-gnu/9.3.0/include-fixed]
    add: [/home/kacent/cppWorkSpace/GSDK/Tool/bin/../lib/gcc/aarch64-buildroot-linux-gnu/9.3.0/../../../../aarch64-buildroot-linux-gnu/include]
    add: [/home/kacent/cppWorkSpace/GSDK/Tool/aarch64-buildroot-linux-gnu/sysroot/usr/include]
  end of search list found
  collapse include dir [/home/kacent/cppWorkSpace/GSDK/Tool/bin/../lib/gcc/aarch64-buildroot-linux-gnu/9.3.0/include] ==> [/home/kacent/cppWorkSpace/GSDK/Tool/lib/gcc/aarch64-buildroot-linux-gnu/9.3.0/include]
  collapse include dir [/home/kacent/cppWorkSpace/GSDK/Tool/bin/../lib/gcc/aarch64-buildroot-linux-gnu/9.3.0/include-fixed] ==> [/home/kacent/cppWorkSpace/GSDK/Tool/lib/gcc/aarch64-buildroot-linux-gnu/9.3.0/include-fixed]
  collapse include dir [/home/kacent/cppWorkSpace/GSDK/Tool/bin/../lib/gcc/aarch64-buildroot-linux-gnu/9.3.0/../../../../aarch64-buildroot-linux-gnu/include] ==> [/home/kacent/cppWorkSpace/GSDK/Tool/aarch64-buildroot-linux-gnu/include]
  collapse include dir [/home/kacent/cppWorkSpace/GSDK/Tool/aarch64-buildroot-linux-gnu/sysroot/usr/include] ==> [/home/kacent/cppWorkSpace/GSDK/Tool/aarch64-buildroot-linux-gnu/sysroot/usr/include]
  implicit include dirs: [/home/kacent/cppWorkSpace/GSDK/Tool/lib/gcc/aarch64-buildroot-linux-gnu/9.3.0/include;/home/kacent/cppWorkSpace/GSDK/Tool/lib/gcc/aarch64-buildroot-linux-gnu/9.3.0/include-fixed;/home/kacent/cppWorkSpace/GSDK/Tool/aarch64-buildroot-linux-gnu/include;/home/kacent/cppWorkSpace/GSDK/Tool/aarch64-buildroot-linux-gnu/sysroot/usr/include]


Parsed C implicit link information from above output:
  link line regex: [^( *|.*[/\])(aarch64-buildroot-linux-gnu-ld|CMAKE_LINK_STARTFILE-NOTFOUND|([^/\]+-)?ld|collect2)[^/\]*( |$)]
  ignore line: [Change Dir: /home/kacent/cppWorkSpace/GSDK/build/CMakeFiles/CMakeTmp]
  ignore line: []
  ignore line: [Run Build Command(s):/usr/bin/gmake -f Makefile cmTC_aff7d/fast && /usr/bin/gmake  -f CMakeFiles/cmTC_aff7d.dir/build.make CMakeFiles/cmTC_aff7d.dir/build]
  ignore line: [gmake[1]: Entering directory '/home/kacent/cppWorkSpace/GSDK/build/CMakeFiles/CMakeTmp']
  ignore line: [Building C object CMakeFiles/cmTC_aff7d.dir/CMakeCCompilerABI.c.o]
  ignore line: [/home/kacent/cppWorkSpace/GSDK/Tool/bin/aarch64-buildroot-linux-gnu-gcc --sysroot=/home/kacent/cppWorkSpace/GSDK/Tool/aarch64-buildroot-linux-gnu/sysroot   -march=armv8-a    -v -o CMakeFiles/cmTC_aff7d.dir/CMakeCCompilerABI.c.o -c /usr/share/cmake-3.22/Modules/CMakeCCompilerABI.c]
  ignore line: [Using built-in specs.]
  ignore line: [COLLECT_GCC=/home/kacent/cppWorkSpace/GSDK/Tool/bin/aarch64-buildroot-linux-gnu-gcc.br_real]
  ignore line: [Target: aarch64-buildroot-linux-gnu]
  ignore line: [Configured with: ./configure --prefix=/opt/aarch64--glibc--bleeding-edge-2020.02-2 --sysconfdir=/opt/aarch64--glibc--bleeding-edge-2020.02-2/etc --enable-static --target=aarch64-buildroot-linux-gnu --with-sysroot=/opt/aarch64--glibc--bleeding-edge-2020.02-2/aarch64-buildroot-linux-gnu/sysroot --enable-__cxa_atexit --with-gnu-ld --disable-libssp --disable-multilib --disable-decimal-float --with-gmp=/opt/aarch64--glibc--bleeding-edge-2020.02-2 --with-mpc=/opt/aarch64--glibc--bleeding-edge-2020.02-2 --with-mpfr=/opt/aarch64--glibc--bleeding-edge-2020.02-2 --with-pkgversion='Buildroot 2020.02-00011-g7ea8a52' --with-bugurl=http://bugs.buildroot.net/ --disable-libquadmath --enable-tls --enable-threads --without-isl --without-cloog --with-abi=lp64 --with-cpu=cortex-a53 --enable-languages=c,c++ --with-build-time-tools=/opt/aarch64--glibc--bleeding-edge-2020.02-2/aarch64-buildroot-linux-gnu/bin --enable-shared --disable-libgomp]
  ignore line: [Thread model: posix]
  ignore line: [gcc version 9.3.0 (Buildroot 2020.02-00011-g7ea8a52) ]
  ignore line: [COLLECT_GCC_OPTIONS='-march=armv8-a' '-v' '-o' 'CMakeFiles/cmTC_aff7d.dir/CMakeCCompilerABI.c.o' '-c' '-mlittle-endian' '-mabi=lp64']
  ignore line: [ /home/kacent/cppWorkSpace/GSDK/Tool/bin/../libexec/gcc/aarch64-buildroot-linux-gnu/9.3.0/cc1 -quiet -v -iprefix /home/kacent/cppWorkSpace/GSDK/Tool/bin/../lib/gcc/aarch64-buildroot-linux-gnu/9.3.0/ -isysroot /home/kacent/cppWorkSpace/GSDK/Tool/aarch64-buildroot-linux-gnu/sysroot /usr/share/cmake-3.22/Modules/CMakeCCompilerABI.c -quiet -dumpbase CMakeCCompilerABI.c -march=armv8-a -mlittle-endian -mabi=lp64 -auxbase-strip CMakeFiles/cmTC_aff7d.dir/CMakeCCompilerABI.c.o -version -o /tmp/ccHuTyAn.s]
  ignore line: [GNU C17 (Buildroot 2020.02-00011-g7ea8a52) version 9.3.0 (aarch64-buildroot-linux-gnu)]
  ignore line: [	compiled by GNU C version 4.9.2  GMP version 6.1.2  MPFR version 4.0.2  MPC version 1.1.0  isl version none]
  ignore line: [GGC heuristics: --param ggc-min-expand=100 --param ggc-min-heapsize=131072]
  ignore line: [ignoring duplicate directory "/home/kacent/cppWorkSpace/GSDK/Tool/bin/../lib/gcc/../../lib/gcc/aarch64-buildroot-linux-gnu/9.3.0/include"]
  ignore line: [ignoring nonexistent directory "/home/kacent/cppWorkSpace/GSDK/Tool/aarch64-buildroot-linux-gnu/sysroot/usr/local/include"]
  ignore line: [ignoring duplicate directory "/home/kacent/cppWorkSpace/GSDK/Tool/bin/../lib/gcc/../../lib/gcc/aarch64-buildroot-linux-gnu/9.3.0/include-fixed"]
  ignore line: [ignoring duplicate directory "/home/kacent/cppWorkSpace/GSDK/Tool/bin/../lib/gcc/../../lib/gcc/aarch64-buildroot-linux-gnu/9.3.0/../../../../aarch64-buildroot-linux-gnu/include"]
  ignore line: [#include "..." search starts here:]
  ignore line: [#include <...> search starts here:]
  ignore line: [ /home/kacent/cppWorkSpace/GSDK/Tool/bin/../lib/gcc/aarch64-buildroot-linux-gnu/9.3.0/include]
  ignore line: [ /home/kacent/cppWorkSpace/GSDK/Tool/bin/../lib/gcc/aarch64-buildroot-linux-gnu/9.3.0/include-fixed]
  ignore line: [ /home/kacent/cppWorkSpace/GSDK/Tool/bin/../lib/gcc/aarch64-buildroot-linux-gnu/9.3.0/../../../../aarch64-buildroot-linux-gnu/include]
  ignore line: [ /home/kacent/cppWorkSpace/GSDK/Tool/aarch64-buildroot-linux-gnu/sysroot/usr/include]
  ignore line: [End of search list.]
  ignore line: [GNU C17 (Buildroot 2020.02-00011-g7ea8a52) version 9.3.0 (aarch64-buildroot-linux-gnu)]
  ignore line: [	compiled by GNU C version 4.9.2  GMP version 6.1.2  MPFR version 4.0.2  MPC version 1.1.0  isl version none]
  ignore line: [GGC heuristics: --param ggc-min-expand=100 --param ggc-min-heapsize=131072]
  ignore line: [Compiler executable checksum: 692e83bdb8d5f2b078ef40722066b2d3]
  ignore line: [COLLECT_GCC_OPTIONS='-march=armv8-a' '-v' '-o' 'CMakeFiles/cmTC_aff7d.dir/CMakeCCompilerABI.c.o' '-c' '-mlittle-endian' '-mabi=lp64']
  ignore line: [ /home/kacent/cppWorkSpace/GSDK/Tool/bin/../lib/gcc/aarch64-buildroot-linux-gnu/9.3.0/../../../../aarch64-buildroot-linux-gnu/bin/as -v -EL -march=armv8-a -mabi=lp64 -o CMakeFiles/cmTC_aff7d.dir/CMakeCCompilerABI.c.o /tmp/ccHuTyAn.s]
  ignore line: [GNU assembler version 2.33.1 (aarch64-buildroot-linux-gnu) using BFD version (GNU Binutils) 2.33.1]
  ignore line: [COMPILER_PATH=/home/kacent/cppWorkSpace/GSDK/Tool/bin/../libexec/gcc/aarch64-buildroot-linux-gnu/9.3.0/:/home/kacent/cppWorkSpace/GSDK/Tool/bin/../libexec/gcc/:/home/kacent/cppWorkSpace/GSDK/Tool/bin/../lib/gcc/aarch64-buildroot-linux-gnu/9.3.0/../../../../aarch64-buildroot-linux-gnu/bin/]
  ignore line: [LIBRARY_PATH=/home/kacent/cppWorkSpace/GSDK/Tool/bin/../lib/gcc/aarch64-buildroot-linux-gnu/9.3.0/:/home/kacent/cppWorkSpace/GSDK/Tool/bin/../lib/gcc/:/home/kacent/cppWorkSpace/GSDK/Tool/bin/../lib/gcc/aarch64-buildroot-linux-gnu/9.3.0/../../../../aarch64-buildroot-linux-gnu/lib/../lib64/:/home/kacent/cppWorkSpace/GSDK/Tool/aarch64-buildroot-linux-gnu/sysroot/lib/../lib64/:/home/kacent/cppWorkSpace/GSDK/Tool/aarch64-buildroot-linux-gnu/sysroot/usr/lib/../lib64/:/home/kacent/cppWorkSpace/GSDK/Tool/bin/../lib/gcc/aarch64-buildroot-linux-gnu/9.3.0/../../../../aarch64-buildroot-linux-gnu/lib/:/home/kacent/cppWorkSpace/GSDK/Tool/aarch64-buildroot-linux-gnu/sysroot/lib/:/home/kacent/cppWorkSpace/GSDK/Tool/aarch64-buildroot-linux-gnu/sysroot/usr/lib/]
  ignore line: [COLLECT_GCC_OPTIONS='-march=armv8-a' '-v' '-o' 'CMakeFiles/cmTC_aff7d.dir/CMakeCCompilerABI.c.o' '-c' '-mlittle-endian' '-mabi=lp64']
  ignore line: [Linking C executable cmTC_aff7d]
  ignore line: [/usr/bin/cmake -E cmake_link_script CMakeFiles/cmTC_aff7d.dir/link.txt --verbose=1]
  ignore line: [/home/kacent/cppWorkSpace/GSDK/Tool/bin/aarch64-buildroot-linux-gnu-gcc --sysroot=/home/kacent/cppWorkSpace/GSDK/Tool/aarch64-buildroot-linux-gnu/sysroot -march=armv8-a   -v CMakeFiles/cmTC_aff7d.dir/CMakeCCompilerABI.c.o -o cmTC_aff7d ]
  ignore line: [Using built-in specs.]
  ignore line: [COLLECT_GCC=/home/kacent/cppWorkSpace/GSDK/Tool/bin/aarch64-buildroot-linux-gnu-gcc.br_real]
  ignore line: [COLLECT_LTO_WRAPPER=/home/kacent/cppWorkSpace/GSDK/Tool/bin/../libexec/gcc/aarch64-buildroot-linux-gnu/9.3.0/lto-wrapper]
  ignore line: [Target: aarch64-buildroot-linux-gnu]
  ignore line: [Configured with: ./configure --prefix=/opt/aarch64--glibc--bleeding-edge-2020.02-2 --sysconfdir=/opt/aarch64--glibc--bleeding-edge-2020.02-2/etc --enable-static --target=aarch64-buildroot-linux-gnu --with-sysroot=/opt/aarch64--glibc--bleeding-edge-2020.02-2/aarch64-buildroot-linux-gnu/sysroot --enable-__cxa_atexit --with-gnu-ld --disable-libssp --disable-multilib --disable-decimal-float --with-gmp=/opt/aarch64--glibc--bleeding-edge-2020.02-2 --with-mpc=/opt/aarch64--glibc--bleeding-edge-2020.02-2 --with-mpfr=/opt/aarch64--glibc--bleeding-edge-2020.02-2 --with-pkgversion='Buildroot 2020.02-00011-g7ea8a52' --with-bugurl=http://bugs.buildroot.net/ --disable-libquadmath --enable-tls --enable-threads --without-isl --without-cloog --with-abi=lp64 --with-cpu=cortex-a53 --enable-languages=c,c++ --with-build-time-tools=/opt/aarch64--glibc--bleeding-edge-2020.02-2/aarch64-buildroot-linux-gnu/bin --enable-shared --disable-libgomp]
  ignore line: [Thread model: posix]
  ignore line: [gcc version 9.3.0 (Buildroot 2020.02-00011-g7ea8a52) ]
  ignore line: [COMPILER_PATH=/home/kacent/cppWorkSpace/GSDK/Tool/bin/../libexec/gcc/aarch64-buildroot-linux-gnu/9.3.0/:/home/kacent/cppWorkSpace/GSDK/Tool/bin/../libexec/gcc/:/home/kacent/cppWorkSpace/GSDK/Tool/bin/../lib/gcc/aarch64-buildroot-linux-gnu/9.3.0/../../../../aarch64-buildroot-linux-gnu/bin/]
  ignore line: [LIBRARY_PATH=/home/kacent/cppWorkSpace/GSDK/Tool/bin/../lib/gcc/aarch64-buildroot-linux-gnu/9.3.0/:/home/kacent/cppWorkSpace/GSDK/Tool/bin/../lib/gcc/:/home/kacent/cppWorkSpace/GSDK/Tool/bin/../lib/gcc/aarch64-buildroot-linux-gnu/9.3.0/../../../../aarch64-buildroot-linux-gnu/lib/../lib64/:/home/kacent/cppWorkSpace/GSDK/Tool/aarch64-buildroot-linux-gnu/sysroot/lib/../lib64/:/home/kacent/cppWorkSpace/GSDK/Tool/aarch64-buildroot-linux-gnu/sysroot/usr/lib/../lib64/:/home/kacent/cppWorkSpace/GSDK/Tool/bin/../lib/gcc/aarch64-buildroot-linux-gnu/9.3.0/../../../../aarch64-buildroot-linux-gnu/lib/:/home/kacent/cppWorkSpace/GSDK/Tool/aarch64-buildroot-linux-gnu/sysroot/lib/:/home/kacent/cppWorkSpace/GSDK/Tool/aarch64-buildroot-linux-gnu/sysroot/usr/lib/]
  ignore line: [COLLECT_GCC_OPTIONS='-march=armv8-a' '-v' '-o' 'cmTC_aff7d' '-mlittle-endian' '-mabi=lp64']
  link line: [ /home/kacent/cppWorkSpace/GSDK/Tool/bin/../libexec/gcc/aarch64-buildroot-linux-gnu/9.3.0/collect2 -plugin /home/kacent/cppWorkSpace/GSDK/Tool/bin/../libexec/gcc/aarch64-buildroot-linux-gnu/9.3.0/liblto_plugin.so -plugin-opt=/home/kacent/cppWorkSpace/GSDK/Tool/bin/../libexec/gcc/aarch64-buildroot-linux-gnu/9.3.0/lto-wrapper -plugin-opt=-fresolution=/tmp/ccYeWncY.res -plugin-opt=-pass-through=-lgcc -plugin-opt=-pass-through=-lgcc_s -plugin-opt=-pass-through=-lc -plugin-opt=-pass-through=-lgcc -plugin-opt=-pass-through=-lgcc_s --sysroot=/home/kacent/cppWorkSpace/GSDK/Tool/aarch64-buildroot-linux-gnu/sysroot --eh-frame-hdr -dynamic-linker /lib/ld-linux-aarch64.so.1 -X -EL -maarch64linux -o cmTC_aff7d /home/kacent/cppWorkSpace/GSDK/Tool/aarch64-buildroot-linux-gnu/sysroot/usr/lib/../lib64/crt1.o /home/kacent/cppWorkSpace/GSDK/Tool/aarch64-buildroot-linux-gnu/sysroot/usr/lib/../lib64/crti.o /home/kacent/cppWorkSpace/GSDK/Tool/bin/../lib/gcc/aarch64-buildroot-linux-gnu/9.3.0/crtbegin.o -L/home/kacent/cppWorkSpace/GSDK/Tool/bin/../lib/gcc/aarch64-buildroot-linux-gnu/9.3.0 -L/home/kacent/cppWorkSpace/GSDK/Tool/bin/../lib/gcc -L/home/kacent/cppWorkSpace/GSDK/Tool/bin/../lib/gcc/aarch64-buildroot-linux-gnu/9.3.0/../../../../aarch64-buildroot-linux-gnu/lib/../lib64 -L/home/kacent/cppWorkSpace/GSDK/Tool/aarch64-buildroot-linux-gnu/sysroot/lib/../lib64 -L/home/kacent/cppWorkSpace/GSDK/Tool/aarch64-buildroot-linux-gnu/sysroot/usr/lib/../lib64 -L/home/kacent/cppWorkSpace/GSDK/Tool/bin/../lib/gcc/aarch64-buildroot-linux-gnu/9.3.0/../../../../aarch64-buildroot-linux-gnu/lib -L/home/kacent/cppWorkSpace/GSDK/Tool/aarch64-buildroot-linux-gnu/sysroot/lib -L/home/kacent/cppWorkSpace/GSDK/Tool/aarch64-buildroot-linux-gnu/sysroot/usr/lib CMakeFiles/cmTC_aff7d.dir/CMakeCCompilerABI.c.o -lgcc --push-state --as-needed -lgcc_s --pop-state -lc -lgcc --push-state --as-needed -lgcc_s --pop-state /home/kacent/cppWorkSpace/GSDK/Tool/bin/../lib/gcc/aarch64-buildroot-linux-gnu/9.3.0/crtend.o /home/kacent/cppWorkSpace/GSDK/Tool/aarch64-buildroot-linux-gnu/sysroot/usr/lib/../lib64/crtn.o]
    arg [/home/kacent/cppWorkSpace/GSDK/Tool/bin/../libexec/gcc/aarch64-buildroot-linux-gnu/9.3.0/collect2] ==> ignore
    arg [-plugin] ==> ignore
    arg [/home/kacent/cppWorkSpace/GSDK/Tool/bin/../libexec/gcc/aarch64-buildroot-linux-gnu/9.3.0/liblto_plugin.so] ==> ignore
    arg [-plugin-opt=/home/kacent/cppWorkSpace/GSDK/Tool/bin/../libexec/gcc/aarch64-buildroot-linux-gnu/9.3.0/lto-wrapper] ==> ignore
    arg [-plugin-opt=-fresolution=/tmp/ccYeWncY.res] ==> ignore
    arg [-plugin-opt=-pass-through=-lgcc] ==> ignore
    arg [-plugin-opt=-pass-through=-lgcc_s] ==> ignore
    arg [-plugin-opt=-pass-through=-lc] ==> ignore
    arg [-plugin-opt=-pass-through=-lgcc] ==> ignore
    arg [-plugin-opt=-pass-through=-lgcc_s] ==> ignore
    arg [--sysroot=/home/kacent/cppWorkSpace/GSDK/Tool/aarch64-buildroot-linux-gnu/sysroot] ==> ignore
    arg [--eh-frame-hdr] ==> ignore
    arg [-dynamic-linker] ==> ignore
    arg [/lib/ld-linux-aarch64.so.1] ==> ignore
    arg [-X] ==> ignore
    arg [-EL] ==> ignore
    arg [-maarch64linux] ==> ignore
    arg [-o] ==> ignore
    arg [cmTC_aff7d] ==> ignore
    arg [/home/kacent/cppWorkSpace/GSDK/Tool/aarch64-buildroot-linux-gnu/sysroot/usr/lib/../lib64/crt1.o] ==> obj [/home/kacent/cppWorkSpace/GSDK/Tool/aarch64-buildroot-linux-gnu/sysroot/usr/lib/../lib64/crt1.o]
    arg [/home/kacent/cppWorkSpace/GSDK/Tool/aarch64-buildroot-linux-gnu/sysroot/usr/lib/../lib64/crti.o] ==> obj [/home/kacent/cppWorkSpace/GSDK/Tool/aarch64-buildroot-linux-gnu/sysroot/usr/lib/../lib64/crti.o]
    arg [/home/kacent/cppWorkSpace/GSDK/Tool/bin/../lib/gcc/aarch64-buildroot-linux-gnu/9.3.0/crtbegin.o] ==> obj [/home/kacent/cppWorkSpace/GSDK/Tool/bin/../lib/gcc/aarch64-buildroot-linux-gnu/9.3.0/crtbegin.o]
    arg [-L/home/kacent/cppWorkSpace/GSDK/Tool/bin/../lib/gcc/aarch64-buildroot-linux-gnu/9.3.0] ==> dir [/home/kacent/cppWorkSpace/GSDK/Tool/bin/../lib/gcc/aarch64-buildroot-linux-gnu/9.3.0]
    arg [-L/home/kacent/cppWorkSpace/GSDK/Tool/bin/../lib/gcc] ==> dir [/home/kacent/cppWorkSpace/GSDK/Tool/bin/../lib/gcc]
    arg [-L/home/kacent/cppWorkSpace/GSDK/Tool/bin/../lib/gcc/aarch64-buildroot-linux-gnu/9.3.0/../../../../aarch64-buildroot-linux-gnu/lib/../lib64] ==> dir [/home/kacent/cppWorkSpace/GSDK/Tool/bin/../lib/gcc/aarch64-buildroot-linux-gnu/9.3.0/../../../../aarch64-buildroot-linux-gnu/lib/../lib64]
    arg [-L/home/kacent/cppWorkSpace/GSDK/Tool/aarch64-buildroot-linux-gnu/sysroot/lib/../lib64] ==> dir [/home/kacent/cppWorkSpace/GSDK/Tool/aarch64-buildroot-linux-gnu/sysroot/lib/../lib64]
    arg [-L/home/kacent/cppWorkSpace/GSDK/Tool/aarch64-buildroot-linux-gnu/sysroot/usr/lib/../lib64] ==> dir [/home/kacent/cppWorkSpace/GSDK/Tool/aarch64-buildroot-linux-gnu/sysroot/usr/lib/../lib64]
    arg [-L/home/kacent/cppWorkSpace/GSDK/Tool/bin/../lib/gcc/aarch64-buildroot-linux-gnu/9.3.0/../../../../aarch64-buildroot-linux-gnu/lib] ==> dir [/home/kacent/cppWorkSpace/GSDK/Tool/bin/../lib/gcc/aarch64-buildroot-linux-gnu/9.3.0/../../../../aarch64-buildroot-linux-gnu/lib]
    arg [-L/home/kacent/cppWorkSpace/GSDK/Tool/aarch64-buildroot-linux-gnu/sysroot/lib] ==> dir [/home/kacent/cppWorkSpace/GSDK/Tool/aarch64-buildroot-linux-gnu/sysroot/lib]
    arg [-L/home/kacent/cppWorkSpace/GSDK/Tool/aarch64-buildroot-linux-gnu/sysroot/usr/lib] ==> dir [/home/kacent/cppWorkSpace/GSDK/Tool/aarch64-buildroot-linux-gnu/sysroot/usr/lib]
    arg [CMakeFiles/cmTC_aff7d.dir/CMakeCCompilerABI.c.o] ==> ignore
    arg [-lgcc] ==> lib [gcc]
    arg [--push-state] ==> ignore
    arg [--as-needed] ==> ignore
    arg [-lgcc_s] ==> lib [gcc_s]
    arg [--pop-state] ==> ignore
    arg [-lc] ==> lib [c]
    arg [-lgcc] ==> lib [gcc]
    arg [--push-state] ==> ignore
    arg [--as-needed] ==> ignore
    arg [-lgcc_s] ==> lib [gcc_s]
    arg [--pop-state] ==> ignore
    arg [/home/kacent/cppWorkSpace/GSDK/Tool/bin/../lib/gcc/aarch64-buildroot-linux-gnu/9.3.0/crtend.o] ==> obj [/home/kacent/cppWorkSpace/GSDK/Tool/bin/../lib/gcc/aarch64-buildroot-linux-gnu/9.3.0/crtend.o]
    arg [/home/kacent/cppWorkSpace/GSDK/Tool/aarch64-buildroot-linux-gnu/sysroot/usr/lib/../lib64/crtn.o] ==> obj [/home/kacent/cppWorkSpace/GSDK/Tool/aarch64-buildroot-linux-gnu/sysroot/usr/lib/../lib64/crtn.o]
  collapse obj [/home/kacent/cppWorkSpace/GSDK/Tool/aarch64-buildroot-linux-gnu/sysroot/usr/lib/../lib64/crt1.o] ==> [/home/kacent/cppWorkSpace/GSDK/Tool/aarch64-buildroot-linux-gnu/sysroot/usr/lib64/crt1.o]
  collapse obj [/home/kacent/cppWorkSpace/GSDK/Tool/aarch64-buildroot-linux-gnu/sysroot/usr/lib/../lib64/crti.o] ==> [/home/kacent/cppWorkSpace/GSDK/Tool/aarch64-buildroot-linux-gnu/sysroot/usr/lib64/crti.o]
  collapse obj [/home/kacent/cppWorkSpace/GSDK/Tool/bin/../lib/gcc/aarch64-buildroot-linux-gnu/9.3.0/crtbegin.o] ==> [/home/kacent/cppWorkSpace/GSDK/Tool/lib/gcc/aarch64-buildroot-linux-gnu/9.3.0/crtbegin.o]
  collapse obj [/home/kacent/cppWorkSpace/GSDK/Tool/bin/../lib/gcc/aarch64-buildroot-linux-gnu/9.3.0/crtend.o] ==> [/home/kacent/cppWorkSpace/GSDK/Tool/lib/gcc/aarch64-buildroot-linux-gnu/9.3.0/crtend.o]
  collapse obj [/home/kacent/cppWorkSpace/GSDK/Tool/aarch64-buildroot-linux-gnu/sysroot/usr/lib/../lib64/crtn.o] ==> [/home/kacent/cppWorkSpace/GSDK/Tool/aarch64-buildroot-linux-gnu/sysroot/usr/lib64/crtn.o]
  collapse library dir [/home/kacent/cppWorkSpace/GSDK/Tool/bin/../lib/gcc/aarch64-buildroot-linux-gnu/9.3.0] ==> [/home/kacent/cppWorkSpace/GSDK/Tool/lib/gcc/aarch64-buildroot-linux-gnu/9.3.0]
  collapse library dir [/home/kacent/cppWorkSpace/GSDK/Tool/bin/../lib/gcc] ==> [/home/kacent/cppWorkSpace/GSDK/Tool/lib/gcc]
  collapse library dir [/home/kacent/cppWorkSpace/GSDK/Tool/bin/../lib/gcc/aarch64-buildroot-linux-gnu/9.3.0/../../../../aarch64-buildroot-linux-gnu/lib/../lib64] ==> [/home/kacent/cppWorkSpace/GSDK/Tool/aarch64-buildroot-linux-gnu/lib64]
  collapse library dir [/home/kacent/cppWorkSpace/GSDK/Tool/aarch64-buildroot-linux-gnu/sysroot/lib/../lib64] ==> [/home/kacent/cppWorkSpace/GSDK/Tool/aarch64-buildroot-linux-gnu/sysroot/lib64]
  collapse library dir [/home/kacent/cppWorkSpace/GSDK/Tool/aarch64-buildroot-linux-gnu/sysroot/usr/lib/../lib64] ==> [/home/kacent/cppWorkSpace/GSDK/Tool/aarch64-buildroot-linux-gnu/sysroot/usr/lib64]
  collapse library dir [/home/kacent/cppWorkSpace/GSDK/Tool/bin/../lib/gcc/aarch64-buildroot-linux-gnu/9.3.0/../../../../aarch64-buildroot-linux-gnu/lib] ==> [/home/kacent/cppWorkSpace/GSDK/Tool/aarch64-buildroot-linux-gnu/lib]
  collapse library dir [/home/kacent/cppWorkSpace/GSDK/Tool/aarch64-buildroot-linux-gnu/sysroot/lib] ==> [/home/kacent/cppWorkSpace/GSDK/Tool/aarch64-buildroot-linux-gnu/sysroot/lib]
  collapse library dir [/home/kacent/cppWorkSpace/GSDK/Tool/aarch64-buildroot-linux-gnu/sysroot/usr/lib] ==> [/home/kacent/cppWorkSpace/GSDK/Tool/aarch64-buildroot-linux-gnu/sysroot/usr/lib]
  implicit libs: [gcc;gcc_s;c;gcc;gcc_s]
  implicit objs: [/home/kacent/cppWorkSpace/GSDK/Tool/aarch64-buildroot-linux-gnu/sysroot/usr/lib64/crt1.o;/home/kacent/cppWorkSpace/GSDK/Tool/aarch64-buildroot-linux-gnu/sysroot/usr/lib64/crti.o;/home/kacent/cppWorkSpace/GSDK/Tool/lib/gcc/aarch64-buildroot-linux-gnu/9.3.0/crtbegin.o;/home/kacent/cppWorkSpace/GSDK/Tool/lib/gcc/aarch64-buildroot-linux-gnu/9.3.0/crtend.o;/home/kacent/cppWorkSpace/GSDK/Tool/aarch64-buildroot-linux-gnu/sysroot/usr/lib64/crtn.o]
  implicit dirs: [/home/kacent/cppWorkSpace/GSDK/Tool/lib/gcc/aarch64-buildroot-linux-gnu/9.3.0;/home/kacent/cppWorkSpace/GSDK/Tool/lib/gcc;/home/kacent/cppWorkSpace/GSDK/Tool/aarch64-buildroot-linux-gnu/lib64;/home/kacent/cppWorkSpace/GSDK/Tool/aarch64-buildroot-linux-gnu/sysroot/lib64;/home/kacent/cppWorkSpace/GSDK/Tool/aarch64-buildroot-linux-gnu/sysroot/usr/lib64;/home/kacent/cppWorkSpace/GSDK/Tool/aarch64-buildroot-linux-gnu/lib;/home/kacent/cppWorkSpace/GSDK/Tool/aarch64-buildroot-linux-gnu/sysroot/lib;/home/kacent/cppWorkSpace/GSDK/Tool/aarch64-buildroot-linux-gnu/sysroot/usr/lib]
  implicit fwks: []


Detecting CXX compiler ABI info compiled with the following output:
Change Dir: /home/kacent/cppWorkSpace/GSDK/build/CMakeFiles/CMakeTmp

Run Build Command(s):/usr/bin/gmake -f Makefile cmTC_3e851/fast && /usr/bin/gmake  -f CMakeFiles/cmTC_3e851.dir/build.make CMakeFiles/cmTC_3e851.dir/build
gmake[1]: Entering directory '/home/kacent/cppWorkSpace/GSDK/build/CMakeFiles/CMakeTmp'
Building CXX object CMakeFiles/cmTC_3e851.dir/CMakeCXXCompilerABI.cpp.o
/home/kacent/cppWorkSpace/GSDK/Tool/bin/aarch64-buildroot-linux-gnu-g++ --sysroot=/home/kacent/cppWorkSpace/GSDK/Tool/aarch64-buildroot-linux-gnu/sysroot   -march=armv8-a    -v -o CMakeFiles/cmTC_3e851.dir/CMakeCXXCompilerABI.cpp.o -c /usr/share/cmake-3.22/Modules/CMakeCXXCompilerABI.cpp
Using built-in specs.
COLLECT_GCC=/home/kacent/cppWorkSpace/GSDK/Tool/bin/aarch64-buildroot-linux-gnu-g++.br_real
Target: aarch64-buildroot-linux-gnu
Configured with: ./configure --prefix=/opt/aarch64--glibc--bleeding-edge-2020.02-2 --sysconfdir=/opt/aarch64--glibc--bleeding-edge-2020.02-2/etc --enable-static --target=aarch64-buildroot-linux-gnu --with-sysroot=/opt/aarch64--glibc--bleeding-edge-2020.02-2/aarch64-buildroot-linux-gnu/sysroot --enable-__cxa_atexit --with-gnu-ld --disable-libssp --disable-multilib --disable-decimal-float --with-gmp=/opt/aarch64--glibc--bleeding-edge-2020.02-2 --with-mpc=/opt/aarch64--glibc--bleeding-edge-2020.02-2 --with-mpfr=/opt/aarch64--glibc--bleeding-edge-2020.02-2 --with-pkgversion='Buildroot 2020.02-00011-g7ea8a52' --with-bugurl=http://bugs.buildroot.net/ --disable-libquadmath --enable-tls --enable-threads --without-isl --without-cloog --with-abi=lp64 --with-cpu=cortex-a53 --enable-languages=c,c++ --with-build-time-tools=/opt/aarch64--glibc--bleeding-edge-2020.02-2/aarch64-buildroot-linux-gnu/bin --enable-shared --disable-libgomp
Thread model: posix
gcc version 9.3.0 (Buildroot 2020.02-00011-g7ea8a52) 
COLLECT_GCC_OPTIONS='-march=armv8-a' '-v' '-o' 'CMakeFiles/cmTC_3e851.dir/CMakeCXXCompilerABI.cpp.o' '-c' '-shared-libgcc' '-mlittle-endian' '-mabi=lp64'
 /home/kacent/cppWorkSpace/GSDK/Tool/bin/../libexec/gcc/aarch64-buildroot-linux-gnu/9.3.0/cc1plus -quiet -v -iprefix /home/kacent/cppWorkSpace/GSDK/Tool/bin/../lib/gcc/aarch64-buildroot-linux-gnu/9.3.0/ -isysroot /home/kacent/cppWorkSpace/GSDK/Tool/aarch64-buildroot-linux-gnu/sysroot -D_GNU_SOURCE /usr/share/cmake-3.22/Modules/CMakeCXXCompilerABI.cpp -quiet -dumpbase CMakeCXXCompilerABI.cpp -march=armv8-a -mlittle-endian -mabi=lp64 -auxbase-strip CMakeFiles/cmTC_3e851.dir/CMakeCXXCompilerABI.cpp.o -version -o /tmp/ccygaAH3.s
GNU C++14 (Buildroot 2020.02-00011-g7ea8a52) version 9.3.0 (aarch64-buildroot-linux-gnu)
	compiled by GNU C version 4.9.2, GMP version 6.1.2, MPFR version 4.0.2, MPC version 1.1.0, isl version none
GGC heuristics: --param ggc-min-expand=100 --param ggc-min-heapsize=131072
ignoring duplicate directory "/home/kacent/cppWorkSpace/GSDK/Tool/bin/../lib/gcc/../../lib/gcc/aarch64-buildroot-linux-gnu/9.3.0/../../../../aarch64-buildroot-linux-gnu/include/c++/9.3.0"
ignoring duplicate directory "/home/kacent/cppWorkSpace/GSDK/Tool/bin/../lib/gcc/../../lib/gcc/aarch64-buildroot-linux-gnu/9.3.0/../../../../aarch64-buildroot-linux-gnu/include/c++/9.3.0/aarch64-buildroot-linux-gnu"
ignoring duplicate directory "/home/kacent/cppWorkSpace/GSDK/Tool/bin/../lib/gcc/../../lib/gcc/aarch64-buildroot-linux-gnu/9.3.0/../../../../aarch64-buildroot-linux-gnu/include/c++/9.3.0/backward"
ignoring duplicate directory "/home/kacent/cppWorkSpace/GSDK/Tool/bin/../lib/gcc/../../lib/gcc/aarch64-buildroot-linux-gnu/9.3.0/include"
ignoring nonexistent directory "/home/kacent/cppWorkSpace/GSDK/Tool/aarch64-buildroot-linux-gnu/sysroot/usr/local/include"
ignoring duplicate directory "/home/kacent/cppWorkSpace/GSDK/Tool/bin/../lib/gcc/../../lib/gcc/aarch64-buildroot-linux-gnu/9.3.0/include-fixed"
ignoring duplicate directory "/home/kacent/cppWorkSpace/GSDK/Tool/bin/../lib/gcc/../../lib/gcc/aarch64-buildroot-linux-gnu/9.3.0/../../../../aarch64-buildroot-linux-gnu/include"
#include "..." search starts here:
#include <...> search starts here:
 /home/kacent/cppWorkSpace/GSDK/Tool/bin/../lib/gcc/aarch64-buildroot-linux-gnu/9.3.0/../../../../aarch64-buildroot-linux-gnu/include/c++/9.3.0
 /home/kacent/cppWorkSpace/GSDK/Tool/bin/../lib/gcc/aarch64-buildroot-linux-gnu/9.3.0/../../../../aarch64-buildroot-linux-gnu/include/c++/9.3.0/aarch64-buildroot-linux-gnu
 /home/kacent/cppWorkSpace/GSDK/Tool/bin/../lib/gcc/aarch64-buildroot-linux-gnu/9.3.0/../../../../aarch64-buildroot-linux-gnu/include/c++/9.3.0/backward
 /home/kacent/cppWorkSpace/GSDK/Tool/bin/../lib/gcc/aarch64-buildroot-linux-gnu/9.3.0/include
 /home/kacent/cppWorkSpace/GSDK/Tool/bin/../lib/gcc/aarch64-buildroot-linux-gnu/9.3.0/include-fixed
 /home/kacent/cppWorkSpace/GSDK/Tool/bin/../lib/gcc/aarch64-buildroot-linux-gnu/9.3.0/../../../../aarch64-buildroot-linux-gnu/include
 /home/kacent/cppWorkSpace/GSDK/Tool/aarch64-buildroot-linux-gnu/sysroot/usr/include
End of search list.
GNU C++14 (Buildroot 2020.02-00011-g7ea8a52) version 9.3.0 (aarch64-buildroot-linux-gnu)
	compiled by GNU C version 4.9.2, GMP version 6.1.2, MPFR version 4.0.2, MPC version 1.1.0, isl version none
GGC heuristics: --param ggc-min-expand=100 --param ggc-min-heapsize=131072
Compiler executable checksum: 7bbafbee07fb0f825b7ff4c23d00c7cd
COLLECT_GCC_OPTIONS='-march=armv8-a' '-v' '-o' 'CMakeFiles/cmTC_3e851.dir/CMakeCXXCompilerABI.cpp.o' '-c' '-shared-libgcc' '-mlittle-endian' '-mabi=lp64'
 /home/kacent/cppWorkSpace/GSDK/Tool/bin/../lib/gcc/aarch64-buildroot-linux-gnu/9.3.0/../../../../aarch64-buildroot-linux-gnu/bin/as -v -EL -march=armv8-a -mabi=lp64 -o CMakeFiles/cmTC_3e851.dir/CMakeCXXCompilerABI.cpp.o /tmp/ccygaAH3.s
GNU assembler version 2.33.1 (aarch64-buildroot-linux-gnu) using BFD version (GNU Binutils) 2.33.1
COMPILER_PATH=/home/kacent/cppWorkSpace/GSDK/Tool/bin/../libexec/gcc/aarch64-buildroot-linux-gnu/9.3.0/:/home/kacent/cppWorkSpace/GSDK/Tool/bin/../libexec/gcc/:/home/kacent/cppWorkSpace/GSDK/Tool/bin/../lib/gcc/aarch64-buildroot-linux-gnu/9.3.0/../../../../aarch64-buildroot-linux-gnu/bin/
LIBRARY_PATH=/home/kacent/cppWorkSpace/GSDK/Tool/bin/../lib/gcc/aarch64-buildroot-linux-gnu/9.3.0/:/home/kacent/cppWorkSpace/GSDK/Tool/bin/../lib/gcc/:/home/kacent/cppWorkSpace/GSDK/Tool/bin/../lib/gcc/aarch64-buildroot-linux-gnu/9.3.0/../../../../aarch64-buildroot-linux-gnu/lib/../lib64/:/home/kacent/cppWorkSpace/GSDK/Tool/aarch64-buildroot-linux-gnu/sysroot/lib/../lib64/:/home/kacent/cppWorkSpace/GSDK/Tool/aarch64-buildroot-linux-gnu/sysroot/usr/lib/../lib64/:/home/kacent/cppWorkSpace/GSDK/Tool/bin/../lib/gcc/aarch64-buildroot-linux-gnu/9.3.0/../../../../aarch64-buildroot-linux-gnu/lib/:/home/kacent/cppWorkSpace/GSDK/Tool/aarch64-buildroot-linux-gnu/sysroot/lib/:/home/kacent/cppWorkSpace/GSDK/Tool/aarch64-buildroot-linux-gnu/sysroot/usr/lib/
COLLECT_GCC_OPTIONS='-march=armv8-a' '-v' '-o' 'CMakeFiles/cmTC_3e851.dir/CMakeCXXCompilerABI.cpp.o' '-c' '-shared-libgcc' '-mlittle-endian' '-mabi=lp64'
Linking CXX executable cmTC_3e851
/usr/bin/cmake -E cmake_link_script CMakeFiles/cmTC_3e851.dir/link.txt --verbose=1
/home/kacent/cppWorkSpace/GSDK/Tool/bin/aarch64-buildroot-linux-gnu-g++ --sysroot=/home/kacent/cppWorkSpace/GSDK/Tool/aarch64-buildroot-linux-gnu/sysroot -march=armv8-a   -v CMakeFiles/cmTC_3e851.dir/CMakeCXXCompilerABI.cpp.o -o cmTC_3e851 
Using built-in specs.
COLLECT_GCC=/home/kacent/cppWorkSpace/GSDK/Tool/bin/aarch64-buildroot-linux-gnu-g++.br_real
COLLECT_LTO_WRAPPER=/home/kacent/cppWorkSpace/GSDK/Tool/bin/../libexec/gcc/aarch64-buildroot-linux-gnu/9.3.0/lto-wrapper
Target: aarch64-buildroot-linux-gnu
Configured with: ./configure --prefix=/opt/aarch64--glibc--bleeding-edge-2020.02-2 --sysconfdir=/opt/aarch64--glibc--bleeding-edge-2020.02-2/etc --enable-static --target=aarch64-buildroot-linux-gnu --with-sysroot=/opt/aarch64--glibc--bleeding-edge-2020.02-2/aarch64-buildroot-linux-gnu/sysroot --enable-__cxa_atexit --with-gnu-ld --disable-libssp --disable-multilib --disable-decimal-float --with-gmp=/opt/aarch64--glibc--bleeding-edge-2020.02-2 --with-mpc=/opt/aarch64--glibc--bleeding-edge-2020.02-2 --with-mpfr=/opt/aarch64--glibc--bleeding-edge-2020.02-2 --with-pkgversion='Buildroot 2020.02-00011-g7ea8a52' --with-bugurl=http://bugs.buildroot.net/ --disable-libquadmath --enable-tls --enable-threads --without-isl --without-cloog --with-abi=lp64 --with-cpu=cortex-a53 --enable-languages=c,c++ --with-build-time-tools=/opt/aarch64--glibc--bleeding-edge-2020.02-2/aarch64-buildroot-linux-gnu/bin --enable-shared --disable-libgomp
Thread model: posix
gcc version 9.3.0 (Buildroot 2020.02-00011-g7ea8a52) 
COMPILER_PATH=/home/kacent/cppWorkSpace/GSDK/Tool/bin/../libexec/gcc/aarch64-buildroot-linux-gnu/9.3.0/:/home/kacent/cppWorkSpace/GSDK/Tool/bin/../libexec/gcc/:/home/kacent/cppWorkSpace/GSDK/Tool/bin/../lib/gcc/aarch64-buildroot-linux-gnu/9.3.0/../../../../aarch64-buildroot-linux-gnu/bin/
LIBRARY_PATH=/home/kacent/cppWorkSpace/GSDK/Tool/bin/../lib/gcc/aarch64-buildroot-linux-gnu/9.3.0/:/home/kacent/cppWorkSpace/GSDK/Tool/bin/../lib/gcc/:/home/kacent/cppWorkSpace/GSDK/Tool/bin/../lib/gcc/aarch64-buildroot-linux-gnu/9.3.0/../../../../aarch64-buildroot-linux-gnu/lib/../lib64/:/home/kacent/cppWorkSpace/GSDK/Tool/aarch64-buildroot-linux-gnu/sysroot/lib/../lib64/:/home/kacent/cppWorkSpace/GSDK/Tool/aarch64-buildroot-linux-gnu/sysroot/usr/lib/../lib64/:/home/kacent/cppWorkSpace/GSDK/Tool/bin/../lib/gcc/aarch64-buildroot-linux-gnu/9.3.0/../../../../aarch64-buildroot-linux-gnu/lib/:/home/kacent/cppWorkSpace/GSDK/Tool/aarch64-buildroot-linux-gnu/sysroot/lib/:/home/kacent/cppWorkSpace/GSDK/Tool/aarch64-buildroot-linux-gnu/sysroot/usr/lib/
COLLECT_GCC_OPTIONS='-march=armv8-a' '-v' '-o' 'cmTC_3e851' '-shared-libgcc' '-mlittle-endian' '-mabi=lp64'
 /home/kacent/cppWorkSpace/GSDK/Tool/bin/../libexec/gcc/aarch64-buildroot-linux-gnu/9.3.0/collect2 -plugin /home/kacent/cppWorkSpace/GSDK/Tool/bin/../libexec/gcc/aarch64-buildroot-linux-gnu/9.3.0/liblto_plugin.so -plugin-opt=/home/kacent/cppWorkSpace/GSDK/Tool/bin/../libexec/gcc/aarch64-buildroot-linux-gnu/9.3.0/lto-wrapper -plugin-opt=-fresolution=/tmp/ccXNlcsG.res -plugin-opt=-pass-through=-lgcc_s -plugin-opt=-pass-through=-lgcc -plugin-opt=-pass-through=-lc -plugin-opt=-pass-through=-lgcc_s -plugin-opt=-pass-through=-lgcc --sysroot=/home/kacent/cppWorkSpace/GSDK/Tool/aarch64-buildroot-linux-gnu/sysroot --eh-frame-hdr -dynamic-linker /lib/ld-linux-aarch64.so.1 -X -EL -maarch64linux -o cmTC_3e851 /home/kacent/cppWorkSpace/GSDK/Tool/aarch64-buildroot-linux-gnu/sysroot/usr/lib/../lib64/crt1.o /home/kacent/cppWorkSpace/GSDK/Tool/aarch64-buildroot-linux-gnu/sysroot/usr/lib/../lib64/crti.o /home/kacent/cppWorkSpace/GSDK/Tool/bin/../lib/gcc/aarch64-buildroot-linux-gnu/9.3.0/crtbegin.o -L/home/kacent/cppWorkSpace/GSDK/Tool/bin/../lib/gcc/aarch64-buildroot-linux-gnu/9.3.0 -L/home/kacent/cppWorkSpace/GSDK/Tool/bin/../lib/gcc -L/home/kacent/cppWorkSpace/GSDK/Tool/bin/../lib/gcc/aarch64-buildroot-linux-gnu/9.3.0/../../../../aarch64-buildroot-linux-gnu/lib/../lib64 -L/home/kacent/cppWorkSpace/GSDK/Tool/aarch64-buildroot-linux-gnu/sysroot/lib/../lib64 -L/home/kacent/cppWorkSpace/GSDK/Tool/aarch64-buildroot-linux-gnu/sysroot/usr/lib/../lib64 -L/home/kacent/cppWorkSpace/GSDK/Tool/bin/../lib/gcc/aarch64-buildroot-linux-gnu/9.3.0/../../../../aarch64-buildroot-linux-gnu/lib -L/home/kacent/cppWorkSpace/GSDK/Tool/aarch64-buildroot-linux-gnu/sysroot/lib -L/home/kacent/cppWorkSpace/GSDK/Tool/aarch64-buildroot-linux-gnu/sysroot/usr/lib CMakeFiles/cmTC_3e851.dir/CMakeCXXCompilerABI.cpp.o -lstdc++ -lm -lgcc_s -lgcc -lc -lgcc_s -lgcc /home/kacent/cppWorkSpace/GSDK/Tool/bin/../lib/gcc/aarch64-buildroot-linux-gnu/9.3.0/crtend.o /home/kacent/cppWorkSpace/GSDK/Tool/aarch64-buildroot-linux-gnu/sysroot/usr/lib/../lib64/crtn.o
COLLECT_GCC_OPTIONS='-march=armv8-a' '-v' '-o' 'cmTC_3e851' '-shared-libgcc' '-mlittle-endian' '-mabi=lp64'
gmake[1]: Leaving directory '/home/kacent/cppWorkSpace/GSDK/build/CMakeFiles/CMakeTmp'



Parsed CXX implicit include dir info from above output: rv=done
  found start of include info
  found start of implicit include info
    add: [/home/kacent/cppWorkSpace/GSDK/Tool/bin/../lib/gcc/aarch64-buildroot-linux-gnu/9.3.0/../../../../aarch64-buildroot-linux-gnu/include/c++/9.3.0]
    add: [/home/kacent/cppWorkSpace/GSDK/Tool/bin/../lib/gcc/aarch64-buildroot-linux-gnu/9.3.0/../../../../aarch64-buildroot-linux-gnu/include/c++/9.3.0/aarch64-buildroot-linux-gnu]
    add: [/home/kacent/cppWorkSpace/GSDK/Tool/bin/../lib/gcc/aarch64-buildroot-linux-gnu/9.3.0/../../../../aarch64-buildroot-linux-gnu/include/c++/9.3.0/backward]
    add: [/home/kacent/cppWorkSpace/GSDK/Tool/bin/../lib/gcc/aarch64-buildroot-linux-gnu/9.3.0/include]
    add: [/home/kacent/cppWorkSpace/GSDK/Tool/bin/../lib/gcc/aarch64-buildroot-linux-gnu/9.3.0/include-fixed]
    add: [/home/kacent/cppWorkSpace/GSDK/Tool/bin/../lib/gcc/aarch64-buildroot-linux-gnu/9.3.0/../../../../aarch64-buildroot-linux-gnu/include]
    add: [/home/kacent/cppWorkSpace/GSDK/Tool/aarch64-buildroot-linux-gnu/sysroot/usr/include]
  end of search list found
  collapse include dir [/home/kacent/cppWorkSpace/GSDK/Tool/bin/../lib/gcc/aarch64-buildroot-linux-gnu/9.3.0/../../../../aarch64-buildroot-linux-gnu/include/c++/9.3.0] ==> [/home/kacent/cppWorkSpace/GSDK/Tool/aarch64-buildroot-linux-gnu/include/c++/9.3.0]
  collapse include dir [/home/kacent/cppWorkSpace/GSDK/Tool/bin/../lib/gcc/aarch64-buildroot-linux-gnu/9.3.0/../../../../aarch64-buildroot-linux-gnu/include/c++/9.3.0/aarch64-buildroot-linux-gnu] ==> [/home/kacent/cppWorkSpace/GSDK/Tool/aarch64-buildroot-linux-gnu/include/c++/9.3.0/aarch64-buildroot-linux-gnu]
  collapse include dir [/home/kacent/cppWorkSpace/GSDK/Tool/bin/../lib/gcc/aarch64-buildroot-linux-gnu/9.3.0/../../../../aarch64-buildroot-linux-gnu/include/c++/9.3.0/backward] ==> [/home/kacent/cppWorkSpace/GSDK/Tool/aarch64-buildroot-linux-gnu/include/c++/9.3.0/backward]
  collapse include dir [/home/kacent/cppWorkSpace/GSDK/Tool/bin/../lib/gcc/aarch64-buildroot-linux-gnu/9.3.0/include] ==> [/home/kacent/cppWorkSpace/GSDK/Tool/lib/gcc/aarch64-buildroot-linux-gnu/9.3.0/include]
  collapse include dir [/home/kacent/cppWorkSpace/GSDK/Tool/bin/../lib/gcc/aarch64-buildroot-linux-gnu/9.3.0/include-fixed] ==> [/home/kacent/cppWorkSpace/GSDK/Tool/lib/gcc/aarch64-buildroot-linux-gnu/9.3.0/include-fixed]
  collapse include dir [/home/kacent/cppWorkSpace/GSDK/Tool/bin/../lib/gcc/aarch64-buildroot-linux-gnu/9.3.0/../../../../aarch64-buildroot-linux-gnu/include] ==> [/home/kacent/cppWorkSpace/GSDK/Tool/aarch64-buildroot-linux-gnu/include]
  collapse include dir [/home/kacent/cppWorkSpace/GSDK/Tool/aarch64-buildroot-linux-gnu/sysroot/usr/include] ==> [/home/kacent/cppWorkSpace/GSDK/Tool/aarch64-buildroot-linux-gnu/sysroot/usr/include]
  implicit include dirs: [/home/kacent/cppWorkSpace/GSDK/Tool/aarch64-buildroot-linux-gnu/include/c++/9.3.0;/home/kacent/cppWorkSpace/GSDK/Tool/aarch64-buildroot-linux-gnu/include/c++/9.3.0/aarch64-buildroot-linux-gnu;/home/kacent/cppWorkSpace/GSDK/Tool/aarch64-buildroot-linux-gnu/include/c++/9.3.0/backward;/home/kacent/cppWorkSpace/GSDK/Tool/lib/gcc/aarch64-buildroot-linux-gnu/9.3.0/include;/home/kacent/cppWorkSpace/GSDK/Tool/lib/gcc/aarch64-buildroot-linux-gnu/9.3.0/include-fixed;/home/kacent/cppWorkSpace/GSDK/Tool/aarch64-buildroot-linux-gnu/include;/home/kacent/cppWorkSpace/GSDK/Tool/aarch64-buildroot-linux-gnu/sysroot/usr/include]


Parsed CXX implicit link information from above output:
  link line regex: [^( *|.*[/\])(aarch64-buildroot-linux-gnu-ld|CMAKE_LINK_STARTFILE-NOTFOUND|([^/\]+-)?ld|collect2)[^/\]*( |$)]
  ignore line: [Change Dir: /home/kacent/cppWorkSpace/GSDK/build/CMakeFiles/CMakeTmp]
  ignore line: []
  ignore line: [Run Build Command(s):/usr/bin/gmake -f Makefile cmTC_3e851/fast && /usr/bin/gmake  -f CMakeFiles/cmTC_3e851.dir/build.make CMakeFiles/cmTC_3e851.dir/build]
  ignore line: [gmake[1]: Entering directory '/home/kacent/cppWorkSpace/GSDK/build/CMakeFiles/CMakeTmp']
  ignore line: [Building CXX object CMakeFiles/cmTC_3e851.dir/CMakeCXXCompilerABI.cpp.o]
  ignore line: [/home/kacent/cppWorkSpace/GSDK/Tool/bin/aarch64-buildroot-linux-gnu-g++ --sysroot=/home/kacent/cppWorkSpace/GSDK/Tool/aarch64-buildroot-linux-gnu/sysroot   -march=armv8-a    -v -o CMakeFiles/cmTC_3e851.dir/CMakeCXXCompilerABI.cpp.o -c /usr/share/cmake-3.22/Modules/CMakeCXXCompilerABI.cpp]
  ignore line: [Using built-in specs.]
  ignore line: [COLLECT_GCC=/home/kacent/cppWorkSpace/GSDK/Tool/bin/aarch64-buildroot-linux-gnu-g++.br_real]
  ignore line: [Target: aarch64-buildroot-linux-gnu]
  ignore line: [Configured with: ./configure --prefix=/opt/aarch64--glibc--bleeding-edge-2020.02-2 --sysconfdir=/opt/aarch64--glibc--bleeding-edge-2020.02-2/etc --enable-static --target=aarch64-buildroot-linux-gnu --with-sysroot=/opt/aarch64--glibc--bleeding-edge-2020.02-2/aarch64-buildroot-linux-gnu/sysroot --enable-__cxa_atexit --with-gnu-ld --disable-libssp --disable-multilib --disable-decimal-float --with-gmp=/opt/aarch64--glibc--bleeding-edge-2020.02-2 --with-mpc=/opt/aarch64--glibc--bleeding-edge-2020.02-2 --with-mpfr=/opt/aarch64--glibc--bleeding-edge-2020.02-2 --with-pkgversion='Buildroot 2020.02-00011-g7ea8a52' --with-bugurl=http://bugs.buildroot.net/ --disable-libquadmath --enable-tls --enable-threads --without-isl --without-cloog --with-abi=lp64 --with-cpu=cortex-a53 --enable-languages=c,c++ --with-build-time-tools=/opt/aarch64--glibc--bleeding-edge-2020.02-2/aarch64-buildroot-linux-gnu/bin --enable-shared --disable-libgomp]
  ignore line: [Thread model: posix]
  ignore line: [gcc version 9.3.0 (Buildroot 2020.02-00011-g7ea8a52) ]
  ignore line: [COLLECT_GCC_OPTIONS='-march=armv8-a' '-v' '-o' 'CMakeFiles/cmTC_3e851.dir/CMakeCXXCompilerABI.cpp.o' '-c' '-shared-libgcc' '-mlittle-endian' '-mabi=lp64']
  ignore line: [ /home/kacent/cppWorkSpace/GSDK/Tool/bin/../libexec/gcc/aarch64-buildroot-linux-gnu/9.3.0/cc1plus -quiet -v -iprefix /home/kacent/cppWorkSpace/GSDK/Tool/bin/../lib/gcc/aarch64-buildroot-linux-gnu/9.3.0/ -isysroot /home/kacent/cppWorkSpace/GSDK/Tool/aarch64-buildroot-linux-gnu/sysroot -D_GNU_SOURCE /usr/share/cmake-3.22/Modules/CMakeCXXCompilerABI.cpp -quiet -dumpbase CMakeCXXCompilerABI.cpp -march=armv8-a -mlittle-endian -mabi=lp64 -auxbase-strip CMakeFiles/cmTC_3e851.dir/CMakeCXXCompilerABI.cpp.o -version -o /tmp/ccygaAH3.s]
  ignore line: [GNU C++14 (Buildroot 2020.02-00011-g7ea8a52) version 9.3.0 (aarch64-buildroot-linux-gnu)]
  ignore line: [	compiled by GNU C version 4.9.2  GMP version 6.1.2  MPFR version 4.0.2  MPC version 1.1.0  isl version none]
  ignore line: [GGC heuristics: --param ggc-min-expand=100 --param ggc-min-heapsize=131072]
  ignore line: [ignoring duplicate directory "/home/kacent/cppWorkSpace/GSDK/Tool/bin/../lib/gcc/../../lib/gcc/aarch64-buildroot-linux-gnu/9.3.0/../../../../aarch64-buildroot-linux-gnu/include/c++/9.3.0"]
  ignore line: [ignoring duplicate directory "/home/kacent/cppWorkSpace/GSDK/Tool/bin/../lib/gcc/../../lib/gcc/aarch64-buildroot-linux-gnu/9.3.0/../../../../aarch64-buildroot-linux-gnu/include/c++/9.3.0/aarch64-buildroot-linux-gnu"]
  ignore line: [ignoring duplicate directory "/home/kacent/cppWorkSpace/GSDK/Tool/bin/../lib/gcc/../../lib/gcc/aarch64-buildroot-linux-gnu/9.3.0/../../../../aarch64-buildroot-linux-gnu/include/c++/9.3.0/backward"]
  ignore line: [ignoring duplicate directory "/home/kacent/cppWorkSpace/GSDK/Tool/bin/../lib/gcc/../../lib/gcc/aarch64-buildroot-linux-gnu/9.3.0/include"]
  ignore line: [ignoring nonexistent directory "/home/kacent/cppWorkSpace/GSDK/Tool/aarch64-buildroot-linux-gnu/sysroot/usr/local/include"]
  ignore line: [ignoring duplicate directory "/home/kacent/cppWorkSpace/GSDK/Tool/bin/../lib/gcc/../../lib/gcc/aarch64-buildroot-linux-gnu/9.3.0/include-fixed"]
  ignore line: [ignoring duplicate directory "/home/kacent/cppWorkSpace/GSDK/Tool/bin/../lib/gcc/../../lib/gcc/aarch64-buildroot-linux-gnu/9.3.0/../../../../aarch64-buildroot-linux-gnu/include"]
  ignore line: [#include "..." search starts here:]
  ignore line: [#include <...> search starts here:]
  ignore line: [ /home/kacent/cppWorkSpace/GSDK/Tool/bin/../lib/gcc/aarch64-buildroot-linux-gnu/9.3.0/../../../../aarch64-buildroot-linux-gnu/include/c++/9.3.0]
  ignore line: [ /home/kacent/cppWorkSpace/GSDK/Tool/bin/../lib/gcc/aarch64-buildroot-linux-gnu/9.3.0/../../../../aarch64-buildroot-linux-gnu/include/c++/9.3.0/aarch64-buildroot-linux-gnu]
  ignore line: [ /home/kacent/cppWorkSpace/GSDK/Tool/bin/../lib/gcc/aarch64-buildroot-linux-gnu/9.3.0/../../../../aarch64-buildroot-linux-gnu/include/c++/9.3.0/backward]
  ignore line: [ /home/kacent/cppWorkSpace/GSDK/Tool/bin/../lib/gcc/aarch64-buildroot-linux-gnu/9.3.0/include]
  ignore line: [ /home/kacent/cppWorkSpace/GSDK/Tool/bin/../lib/gcc/aarch64-buildroot-linux-gnu/9.3.0/include-fixed]
  ignore line: [ /home/kacent/cppWorkSpace/GSDK/Tool/bin/../lib/gcc/aarch64-buildroot-linux-gnu/9.3.0/../../../../aarch64-buildroot-linux-gnu/include]
  ignore line: [ /home/kacent/cppWorkSpace/GSDK/Tool/aarch64-buildroot-linux-gnu/sysroot/usr/include]
  ignore line: [End of search list.]
  ignore line: [GNU C++14 (Buildroot 2020.02-00011-g7ea8a52) version 9.3.0 (aarch64-buildroot-linux-gnu)]
  ignore line: [	compiled by GNU C version 4.9.2  GMP version 6.1.2  MPFR version 4.0.2  MPC version 1.1.0  isl version none]
  ignore line: [GGC heuristics: --param ggc-min-expand=100 --param ggc-min-heapsize=131072]
  ignore line: [Compiler executable checksum: 7bbafbee07fb0f825b7ff4c23d00c7cd]
  ignore line: [COLLECT_GCC_OPTIONS='-march=armv8-a' '-v' '-o' 'CMakeFiles/cmTC_3e851.dir/CMakeCXXCompilerABI.cpp.o' '-c' '-shared-libgcc' '-mlittle-endian' '-mabi=lp64']
  ignore line: [ /home/kacent/cppWorkSpace/GSDK/Tool/bin/../lib/gcc/aarch64-buildroot-linux-gnu/9.3.0/../../../../aarch64-buildroot-linux-gnu/bin/as -v -EL -march=armv8-a -mabi=lp64 -o CMakeFiles/cmTC_3e851.dir/CMakeCXXCompilerABI.cpp.o /tmp/ccygaAH3.s]
  ignore line: [GNU assembler version 2.33.1 (aarch64-buildroot-linux-gnu) using BFD version (GNU Binutils) 2.33.1]
  ignore line: [COMPILER_PATH=/home/kacent/cppWorkSpace/GSDK/Tool/bin/../libexec/gcc/aarch64-buildroot-linux-gnu/9.3.0/:/home/kacent/cppWorkSpace/GSDK/Tool/bin/../libexec/gcc/:/home/kacent/cppWorkSpace/GSDK/Tool/bin/../lib/gcc/aarch64-buildroot-linux-gnu/9.3.0/../../../../aarch64-buildroot-linux-gnu/bin/]
  ignore line: [LIBRARY_PATH=/home/kacent/cppWorkSpace/GSDK/Tool/bin/../lib/gcc/aarch64-buildroot-linux-gnu/9.3.0/:/home/kacent/cppWorkSpace/GSDK/Tool/bin/../lib/gcc/:/home/kacent/cppWorkSpace/GSDK/Tool/bin/../lib/gcc/aarch64-buildroot-linux-gnu/9.3.0/../../../../aarch64-buildroot-linux-gnu/lib/../lib64/:/home/kacent/cppWorkSpace/GSDK/Tool/aarch64-buildroot-linux-gnu/sysroot/lib/../lib64/:/home/kacent/cppWorkSpace/GSDK/Tool/aarch64-buildroot-linux-gnu/sysroot/usr/lib/../lib64/:/home/kacent/cppWorkSpace/GSDK/Tool/bin/../lib/gcc/aarch64-buildroot-linux-gnu/9.3.0/../../../../aarch64-buildroot-linux-gnu/lib/:/home/kacent/cppWorkSpace/GSDK/Tool/aarch64-buildroot-linux-gnu/sysroot/lib/:/home/kacent/cppWorkSpace/GSDK/Tool/aarch64-buildroot-linux-gnu/sysroot/usr/lib/]
  ignore line: [COLLECT_GCC_OPTIONS='-march=armv8-a' '-v' '-o' 'CMakeFiles/cmTC_3e851.dir/CMakeCXXCompilerABI.cpp.o' '-c' '-shared-libgcc' '-mlittle-endian' '-mabi=lp64']
  ignore line: [Linking CXX executable cmTC_3e851]
  ignore line: [/usr/bin/cmake -E cmake_link_script CMakeFiles/cmTC_3e851.dir/link.txt --verbose=1]
  ignore line: [/home/kacent/cppWorkSpace/GSDK/Tool/bin/aarch64-buildroot-linux-gnu-g++ --sysroot=/home/kacent/cppWorkSpace/GSDK/Tool/aarch64-buildroot-linux-gnu/sysroot -march=armv8-a   -v CMakeFiles/cmTC_3e851.dir/CMakeCXXCompilerABI.cpp.o -o cmTC_3e851 ]
  ignore line: [Using built-in specs.]
  ignore line: [COLLECT_GCC=/home/kacent/cppWorkSpace/GSDK/Tool/bin/aarch64-buildroot-linux-gnu-g++.br_real]
  ignore line: [COLLECT_LTO_WRAPPER=/home/kacent/cppWorkSpace/GSDK/Tool/bin/../libexec/gcc/aarch64-buildroot-linux-gnu/9.3.0/lto-wrapper]
  ignore line: [Target: aarch64-buildroot-linux-gnu]
  ignore line: [Configured with: ./configure --prefix=/opt/aarch64--glibc--bleeding-edge-2020.02-2 --sysconfdir=/opt/aarch64--glibc--bleeding-edge-2020.02-2/etc --enable-static --target=aarch64-buildroot-linux-gnu --with-sysroot=/opt/aarch64--glibc--bleeding-edge-2020.02-2/aarch64-buildroot-linux-gnu/sysroot --enable-__cxa_atexit --with-gnu-ld --disable-libssp --disable-multilib --disable-decimal-float --with-gmp=/opt/aarch64--glibc--bleeding-edge-2020.02-2 --with-mpc=/opt/aarch64--glibc--bleeding-edge-2020.02-2 --with-mpfr=/opt/aarch64--glibc--bleeding-edge-2020.02-2 --with-pkgversion='Buildroot 2020.02-00011-g7ea8a52' --with-bugurl=http://bugs.buildroot.net/ --disable-libquadmath --enable-tls --enable-threads --without-isl --without-cloog --with-abi=lp64 --with-cpu=cortex-a53 --enable-languages=c,c++ --with-build-time-tools=/opt/aarch64--glibc--bleeding-edge-2020.02-2/aarch64-buildroot-linux-gnu/bin --enable-shared --disable-libgomp]
  ignore line: [Thread model: posix]
  ignore line: [gcc version 9.3.0 (Buildroot 2020.02-00011-g7ea8a52) ]
  ignore line: [COMPILER_PATH=/home/kacent/cppWorkSpace/GSDK/Tool/bin/../libexec/gcc/aarch64-buildroot-linux-gnu/9.3.0/:/home/kacent/cppWorkSpace/GSDK/Tool/bin/../libexec/gcc/:/home/kacent/cppWorkSpace/GSDK/Tool/bin/../lib/gcc/aarch64-buildroot-linux-gnu/9.3.0/../../../../aarch64-buildroot-linux-gnu/bin/]
  ignore line: [LIBRARY_PATH=/home/kacent/cppWorkSpace/GSDK/Tool/bin/../lib/gcc/aarch64-buildroot-linux-gnu/9.3.0/:/home/kacent/cppWorkSpace/GSDK/Tool/bin/../lib/gcc/:/home/kacent/cppWorkSpace/GSDK/Tool/bin/../lib/gcc/aarch64-buildroot-linux-gnu/9.3.0/../../../../aarch64-buildroot-linux-gnu/lib/../lib64/:/home/kacent/cppWorkSpace/GSDK/Tool/aarch64-buildroot-linux-gnu/sysroot/lib/../lib64/:/home/kacent/cppWorkSpace/GSDK/Tool/aarch64-buildroot-linux-gnu/sysroot/usr/lib/../lib64/:/home/kacent/cppWorkSpace/GSDK/Tool/bin/../lib/gcc/aarch64-buildroot-linux-gnu/9.3.0/../../../../aarch64-buildroot-linux-gnu/lib/:/home/kacent/cppWorkSpace/GSDK/Tool/aarch64-buildroot-linux-gnu/sysroot/lib/:/home/kacent/cppWorkSpace/GSDK/Tool/aarch64-buildroot-linux-gnu/sysroot/usr/lib/]
  ignore line: [COLLECT_GCC_OPTIONS='-march=armv8-a' '-v' '-o' 'cmTC_3e851' '-shared-libgcc' '-mlittle-endian' '-mabi=lp64']
  link line: [ /home/kacent/cppWorkSpace/GSDK/Tool/bin/../libexec/gcc/aarch64-buildroot-linux-gnu/9.3.0/collect2 -plugin /home/kacent/cppWorkSpace/GSDK/Tool/bin/../libexec/gcc/aarch64-buildroot-linux-gnu/9.3.0/liblto_plugin.so -plugin-opt=/home/kacent/cppWorkSpace/GSDK/Tool/bin/../libexec/gcc/aarch64-buildroot-linux-gnu/9.3.0/lto-wrapper -plugin-opt=-fresolution=/tmp/ccXNlcsG.res -plugin-opt=-pass-through=-lgcc_s -plugin-opt=-pass-through=-lgcc -plugin-opt=-pass-through=-lc -plugin-opt=-pass-through=-lgcc_s -plugin-opt=-pass-through=-lgcc --sysroot=/home/kacent/cppWorkSpace/GSDK/Tool/aarch64-buildroot-linux-gnu/sysroot --eh-frame-hdr -dynamic-linker /lib/ld-linux-aarch64.so.1 -X -EL -maarch64linux -o cmTC_3e851 /home/kacent/cppWorkSpace/GSDK/Tool/aarch64-buildroot-linux-gnu/sysroot/usr/lib/../lib64/crt1.o /home/kacent/cppWorkSpace/GSDK/Tool/aarch64-buildroot-linux-gnu/sysroot/usr/lib/../lib64/crti.o /home/kacent/cppWorkSpace/GSDK/Tool/bin/../lib/gcc/aarch64-buildroot-linux-gnu/9.3.0/crtbegin.o -L/home/kacent/cppWorkSpace/GSDK/Tool/bin/../lib/gcc/aarch64-buildroot-linux-gnu/9.3.0 -L/home/kacent/cppWorkSpace/GSDK/Tool/bin/../lib/gcc -L/home/kacent/cppWorkSpace/GSDK/Tool/bin/../lib/gcc/aarch64-buildroot-linux-gnu/9.3.0/../../../../aarch64-buildroot-linux-gnu/lib/../lib64 -L/home/kacent/cppWorkSpace/GSDK/Tool/aarch64-buildroot-linux-gnu/sysroot/lib/../lib64 -L/home/kacent/cppWorkSpace/GSDK/Tool/aarch64-buildroot-linux-gnu/sysroot/usr/lib/../lib64 -L/home/kacent/cppWorkSpace/GSDK/Tool/bin/../lib/gcc/aarch64-buildroot-linux-gnu/9.3.0/../../../../aarch64-buildroot-linux-gnu/lib -L/home/kacent/cppWorkSpace/GSDK/Tool/aarch64-buildroot-linux-gnu/sysroot/lib -L/home/kacent/cppWorkSpace/GSDK/Tool/aarch64-buildroot-linux-gnu/sysroot/usr/lib CMakeFiles/cmTC_3e851.dir/CMakeCXXCompilerABI.cpp.o -lstdc++ -lm -lgcc_s -lgcc -lc -lgcc_s -lgcc /home/kacent/cppWorkSpace/GSDK/Tool/bin/../lib/gcc/aarch64-buildroot-linux-gnu/9.3.0/crtend.o /home/kacent/cppWorkSpace/GSDK/Tool/aarch64-buildroot-linux-gnu/sysroot/usr/lib/../lib64/crtn.o]
    arg [/home/kacent/cppWorkSpace/GSDK/Tool/bin/../libexec/gcc/aarch64-buildroot-linux-gnu/9.3.0/collect2] ==> ignore
    arg [-plugin] ==> ignore
    arg [/home/kacent/cppWorkSpace/GSDK/Tool/bin/../libexec/gcc/aarch64-buildroot-linux-gnu/9.3.0/liblto_plugin.so] ==> ignore
    arg [-plugin-opt=/home/kacent/cppWorkSpace/GSDK/Tool/bin/../libexec/gcc/aarch64-buildroot-linux-gnu/9.3.0/lto-wrapper] ==> ignore
    arg [-plugin-opt=-fresolution=/tmp/ccXNlcsG.res] ==> ignore
    arg [-plugin-opt=-pass-through=-lgcc_s] ==> ignore
    arg [-plugin-opt=-pass-through=-lgcc] ==> ignore
    arg [-plugin-opt=-pass-through=-lc] ==> ignore
    arg [-plugin-opt=-pass-through=-lgcc_s] ==> ignore
    arg [-plugin-opt=-pass-through=-lgcc] ==> ignore
    arg [--sysroot=/home/kacent/cppWorkSpace/GSDK/Tool/aarch64-buildroot-linux-gnu/sysroot] ==> ignore
    arg [--eh-frame-hdr] ==> ignore
    arg [-dynamic-linker] ==> ignore
    arg [/lib/ld-linux-aarch64.so.1] ==> ignore
    arg [-X] ==> ignore
    arg [-EL] ==> ignore
    arg [-maarch64linux] ==> ignore
    arg [-o] ==> ignore
    arg [cmTC_3e851] ==> ignore
    arg [/home/kacent/cppWorkSpace/GSDK/Tool/aarch64-buildroot-linux-gnu/sysroot/usr/lib/../lib64/crt1.o] ==> obj [/home/kacent/cppWorkSpace/GSDK/Tool/aarch64-buildroot-linux-gnu/sysroot/usr/lib/../lib64/crt1.o]
    arg [/home/kacent/cppWorkSpace/GSDK/Tool/aarch64-buildroot-linux-gnu/sysroot/usr/lib/../lib64/crti.o] ==> obj [/home/kacent/cppWorkSpace/GSDK/Tool/aarch64-buildroot-linux-gnu/sysroot/usr/lib/../lib64/crti.o]
    arg [/home/kacent/cppWorkSpace/GSDK/Tool/bin/../lib/gcc/aarch64-buildroot-linux-gnu/9.3.0/crtbegin.o] ==> obj [/home/kacent/cppWorkSpace/GSDK/Tool/bin/../lib/gcc/aarch64-buildroot-linux-gnu/9.3.0/crtbegin.o]
    arg [-L/home/kacent/cppWorkSpace/GSDK/Tool/bin/../lib/gcc/aarch64-buildroot-linux-gnu/9.3.0] ==> dir [/home/kacent/cppWorkSpace/GSDK/Tool/bin/../lib/gcc/aarch64-buildroot-linux-gnu/9.3.0]
    arg [-L/home/kacent/cppWorkSpace/GSDK/Tool/bin/../lib/gcc] ==> dir [/home/kacent/cppWorkSpace/GSDK/Tool/bin/../lib/gcc]
    arg [-L/home/kacent/cppWorkSpace/GSDK/Tool/bin/../lib/gcc/aarch64-buildroot-linux-gnu/9.3.0/../../../../aarch64-buildroot-linux-gnu/lib/../lib64] ==> dir [/home/kacent/cppWorkSpace/GSDK/Tool/bin/../lib/gcc/aarch64-buildroot-linux-gnu/9.3.0/../../../../aarch64-buildroot-linux-gnu/lib/../lib64]
    arg [-L/home/kacent/cppWorkSpace/GSDK/Tool/aarch64-buildroot-linux-gnu/sysroot/lib/../lib64] ==> dir [/home/kacent/cppWorkSpace/GSDK/Tool/aarch64-buildroot-linux-gnu/sysroot/lib/../lib64]
    arg [-L/home/kacent/cppWorkSpace/GSDK/Tool/aarch64-buildroot-linux-gnu/sysroot/usr/lib/../lib64] ==> dir [/home/kacent/cppWorkSpace/GSDK/Tool/aarch64-buildroot-linux-gnu/sysroot/usr/lib/../lib64]
    arg [-L/home/kacent/cppWorkSpace/GSDK/Tool/bin/../lib/gcc/aarch64-buildroot-linux-gnu/9.3.0/../../../../aarch64-buildroot-linux-gnu/lib] ==> dir [/home/kacent/cppWorkSpace/GSDK/Tool/bin/../lib/gcc/aarch64-buildroot-linux-gnu/9.3.0/../../../../aarch64-buildroot-linux-gnu/lib]
    arg [-L/home/kacent/cppWorkSpace/GSDK/Tool/aarch64-buildroot-linux-gnu/sysroot/lib] ==> dir [/home/kacent/cppWorkSpace/GSDK/Tool/aarch64-buildroot-linux-gnu/sysroot/lib]
    arg [-L/home/kacent/cppWorkSpace/GSDK/Tool/aarch64-buildroot-linux-gnu/sysroot/usr/lib] ==> dir [/home/kacent/cppWorkSpace/GSDK/Tool/aarch64-buildroot-linux-gnu/sysroot/usr/lib]
    arg [CMakeFiles/cmTC_3e851.dir/CMakeCXXCompilerABI.cpp.o] ==> ignore
    arg [-lstdc++] ==> lib [stdc++]
    arg [-lm] ==> lib [m]
    arg [-lgcc_s] ==> lib [gcc_s]
    arg [-lgcc] ==> lib [gcc]
    arg [-lc] ==> lib [c]
    arg [-lgcc_s] ==> lib [gcc_s]
    arg [-lgcc] ==> lib [gcc]
    arg [/home/kacent/cppWorkSpace/GSDK/Tool/bin/../lib/gcc/aarch64-buildroot-linux-gnu/9.3.0/crtend.o] ==> obj [/home/kacent/cppWorkSpace/GSDK/Tool/bin/../lib/gcc/aarch64-buildroot-linux-gnu/9.3.0/crtend.o]
    arg [/home/kacent/cppWorkSpace/GSDK/Tool/aarch64-buildroot-linux-gnu/sysroot/usr/lib/../lib64/crtn.o] ==> obj [/home/kacent/cppWorkSpace/GSDK/Tool/aarch64-buildroot-linux-gnu/sysroot/usr/lib/../lib64/crtn.o]
  collapse obj [/home/kacent/cppWorkSpace/GSDK/Tool/aarch64-buildroot-linux-gnu/sysroot/usr/lib/../lib64/crt1.o] ==> [/home/kacent/cppWorkSpace/GSDK/Tool/aarch64-buildroot-linux-gnu/sysroot/usr/lib64/crt1.o]
  collapse obj [/home/kacent/cppWorkSpace/GSDK/Tool/aarch64-buildroot-linux-gnu/sysroot/usr/lib/../lib64/crti.o] ==> [/home/kacent/cppWorkSpace/GSDK/Tool/aarch64-buildroot-linux-gnu/sysroot/usr/lib64/crti.o]
  collapse obj [/home/kacent/cppWorkSpace/GSDK/Tool/bin/../lib/gcc/aarch64-buildroot-linux-gnu/9.3.0/crtbegin.o] ==> [/home/kacent/cppWorkSpace/GSDK/Tool/lib/gcc/aarch64-buildroot-linux-gnu/9.3.0/crtbegin.o]
  collapse obj [/home/kacent/cppWorkSpace/GSDK/Tool/bin/../lib/gcc/aarch64-buildroot-linux-gnu/9.3.0/crtend.o] ==> [/home/kacent/cppWorkSpace/GSDK/Tool/lib/gcc/aarch64-buildroot-linux-gnu/9.3.0/crtend.o]
  collapse obj [/home/kacent/cppWorkSpace/GSDK/Tool/aarch64-buildroot-linux-gnu/sysroot/usr/lib/../lib64/crtn.o] ==> [/home/kacent/cppWorkSpace/GSDK/Tool/aarch64-buildroot-linux-gnu/sysroot/usr/lib64/crtn.o]
  collapse library dir [/home/kacent/cppWorkSpace/GSDK/Tool/bin/../lib/gcc/aarch64-buildroot-linux-gnu/9.3.0] ==> [/home/kacent/cppWorkSpace/GSDK/Tool/lib/gcc/aarch64-buildroot-linux-gnu/9.3.0]
  collapse library dir [/home/kacent/cppWorkSpace/GSDK/Tool/bin/../lib/gcc] ==> [/home/kacent/cppWorkSpace/GSDK/Tool/lib/gcc]
  collapse library dir [/home/kacent/cppWorkSpace/GSDK/Tool/bin/../lib/gcc/aarch64-buildroot-linux-gnu/9.3.0/../../../../aarch64-buildroot-linux-gnu/lib/../lib64] ==> [/home/kacent/cppWorkSpace/GSDK/Tool/aarch64-buildroot-linux-gnu/lib64]
  collapse library dir [/home/kacent/cppWorkSpace/GSDK/Tool/aarch64-buildroot-linux-gnu/sysroot/lib/../lib64] ==> [/home/kacent/cppWorkSpace/GSDK/Tool/aarch64-buildroot-linux-gnu/sysroot/lib64]
  collapse library dir [/home/kacent/cppWorkSpace/GSDK/Tool/aarch64-buildroot-linux-gnu/sysroot/usr/lib/../lib64] ==> [/home/kacent/cppWorkSpace/GSDK/Tool/aarch64-buildroot-linux-gnu/sysroot/usr/lib64]
  collapse library dir [/home/kacent/cppWorkSpace/GSDK/Tool/bin/../lib/gcc/aarch64-buildroot-linux-gnu/9.3.0/../../../../aarch64-buildroot-linux-gnu/lib] ==> [/home/kacent/cppWorkSpace/GSDK/Tool/aarch64-buildroot-linux-gnu/lib]
  collapse library dir [/home/kacent/cppWorkSpace/GSDK/Tool/aarch64-buildroot-linux-gnu/sysroot/lib] ==> [/home/kacent/cppWorkSpace/GSDK/Tool/aarch64-buildroot-linux-gnu/sysroot/lib]
  collapse library dir [/home/kacent/cppWorkSpace/GSDK/Tool/aarch64-buildroot-linux-gnu/sysroot/usr/lib] ==> [/home/kacent/cppWorkSpace/GSDK/Tool/aarch64-buildroot-linux-gnu/sysroot/usr/lib]
  implicit libs: [stdc++;m;gcc_s;gcc;c;gcc_s;gcc]
  implicit objs: [/home/kacent/cppWorkSpace/GSDK/Tool/aarch64-buildroot-linux-gnu/sysroot/usr/lib64/crt1.o;/home/kacent/cppWorkSpace/GSDK/Tool/aarch64-buildroot-linux-gnu/sysroot/usr/lib64/crti.o;/home/kacent/cppWorkSpace/GSDK/Tool/lib/gcc/aarch64-buildroot-linux-gnu/9.3.0/crtbegin.o;/home/kacent/cppWorkSpace/GSDK/Tool/lib/gcc/aarch64-buildroot-linux-gnu/9.3.0/crtend.o;/home/kacent/cppWorkSpace/GSDK/Tool/aarch64-buildroot-linux-gnu/sysroot/usr/lib64/crtn.o]
  implicit dirs: [/home/kacent/cppWorkSpace/GSDK/Tool/lib/gcc/aarch64-buildroot-linux-gnu/9.3.0;/home/kacent/cppWorkSpace/GSDK/Tool/lib/gcc;/home/kacent/cppWorkSpace/GSDK/Tool/aarch64-buildroot-linux-gnu/lib64;/home/kacent/cppWorkSpace/GSDK/Tool/aarch64-buildroot-linux-gnu/sysroot/lib64;/home/kacent/cppWorkSpace/GSDK/Tool/aarch64-buildroot-linux-gnu/sysroot/usr/lib64;/home/kacent/cppWorkSpace/GSDK/Tool/aarch64-buildroot-linux-gnu/lib;/home/kacent/cppWorkSpace/GSDK/Tool/aarch64-buildroot-linux-gnu/sysroot/lib;/home/kacent/cppWorkSpace/GSDK/Tool/aarch64-buildroot-linux-gnu/sysroot/usr/lib]
  implicit fwks: []


